2025-07-19 18:44:43 [main] INFO  c.d.J.MyFirstJournalApplication - Starting MyFirstJournalApplication using Java 23 with PID 3057 (/Users/happysingh/Documents/Journal/target/classes started by happysingh in /Users/happysingh/Documents/Journal)
2025-07-19 18:44:43 [main] INFO  c.d.J.MyFirstJournalApplication - The following 1 profile is active: "dev"
2025-07-19 18:44:43 [main] INFO  o.s.d.r.c.RepositoryConfigurationDelegate - Bootstrapping Spring Data MongoDB repositories in DEFAULT mode.
2025-07-19 18:44:43 [main] INFO  o.s.d.r.c.RepositoryConfigurationDelegate - Finished Spring Data repository scanning in 21 ms. Found 2 MongoDB repository interfaces.
2025-07-19 18:44:44 [main] INFO  o.s.b.w.e.tomcat.TomcatWebServer - Tomcat initialized with port 8080 (http)
2025-07-19 18:44:44 [main] INFO  o.a.coyote.http11.Http11NioProtocol - Initializing ProtocolHandler ["http-nio-8080"]
2025-07-19 18:44:44 [main] INFO  o.a.catalina.core.StandardService - Starting service [Tomcat]
2025-07-19 18:44:44 [main] INFO  o.a.catalina.core.StandardEngine - Starting Servlet engine: [Apache Tomcat/10.1.42]
2025-07-19 18:44:44 [main] INFO  o.a.c.c.C.[Tomcat].[localhost].[/] - Initializing Spring embedded WebApplicationContext
2025-07-19 18:44:44 [main] INFO  o.s.b.w.s.c.ServletWebServerApplicationContext - Root WebApplicationContext: initialization completed in 692 ms
2025-07-19 18:44:44 [main] INFO  org.mongodb.driver.client - MongoClient with metadata {"application": {"name": "Cluster0"}, "driver": {"name": "mongo-java-driver|sync|spring-boot", "version": "5.5.1"}, "os": {"type": "Darwin", "name": "Mac OS X", "architecture": "aarch64", "version": "15.5"}, "platform": "Java/Oracle Corporation/23+37-2369"} created with settings MongoClientSettings{readPreference=primary, writeConcern=WriteConcern{w=majority, wTimeout=null ms, journal=null}, retryWrites=true, retryReads=true, readConcern=ReadConcern{level=null}, credential=MongoCredential{mechanism=null, userName='happesingh27', source='admin', password=<hidden>, mechanismProperties=<hidden>}, transportSettings=null, commandListeners=[], codecRegistry=ProvidersCodecRegistry{codecProviders=[ValueCodecProvider{}, BsonValueCodecProvider{}, DBRefCodecProvider{}, DBObjectCodecProvider{}, DocumentCodecProvider{}, CollectionCodecProvider{}, IterableCodecProvider{}, MapCodecProvider{}, GeoJsonCodecProvider{}, GridFSFileCodecProvider{}, Jsr310CodecProvider{}, JsonObjectCodecProvider{}, BsonCodecProvider{}, EnumCodecProvider{}, com.mongodb.client.model.mql.ExpressionCodecProvider@7c5df615, com.mongodb.Jep395RecordCodecProvider@2f995afc, com.mongodb.KotlinCodecProvider@377949f1]}, loggerSettings=LoggerSettings{maxDocumentLength=1000}, clusterSettings={hosts=[127.0.0.1:27017], srvHost=cluster0.ahyvsmf.mongodb.net, srvServiceName=mongodb, mode=MULTIPLE, requiredClusterType=REPLICA_SET, requiredReplicaSetName='atlas-mjks3u-shard-0', serverSelector='null', clusterListeners='[]', serverSelectionTimeout='30000 ms', localThreshold='15 ms'}, socketSettings=SocketSettings{connectTimeoutMS=10000, readTimeoutMS=0, receiveBufferSize=0, proxySettings=ProxySettings{host=null, port=null, username=null, password=null}}, heartbeatSocketSettings=SocketSettings{connectTimeoutMS=10000, readTimeoutMS=10000, receiveBufferSize=0, proxySettings=ProxySettings{host=null, port=null, username=null, password=null}}, connectionPoolSettings=ConnectionPoolSettings{maxSize=100, minSize=0, maxWaitTimeMS=120000, maxConnectionLifeTimeMS=0, maxConnectionIdleTimeMS=0, maintenanceInitialDelayMS=0, maintenanceFrequencyMS=60000, connectionPoolListeners=[], maxConnecting=2}, serverSettings=ServerSettings{heartbeatFrequencyMS=10000, minHeartbeatFrequencyMS=500, serverMonitoringMode=AUTO, serverListeners='[]', serverMonitorListeners='[]'}, sslSettings=SslSettings{enabled=true, invalidHostNameAllowed=false, context=null}, applicationName='Cluster0', compressorList=[], uuidRepresentation=JAVA_LEGACY, serverApi=null, autoEncryptionSettings=null, dnsClient=null, inetAddressResolver=null, contextProvider=null, timeoutMS=null}
2025-07-19 18:44:44 [cluster-ClusterId{value='687b9a4428e3dba68b60fbf4', description='Cluster0'}-srv-cluster0.ahyvsmf.mongodb.net] INFO  org.mongodb.driver.cluster - Adding discovered server ac-dzpjbyv-shard-00-00.ahyvsmf.mongodb.net:27017 to client view of cluster
2025-07-19 18:44:44 [cluster-ClusterId{value='687b9a4428e3dba68b60fbf4', description='Cluster0'}-srv-cluster0.ahyvsmf.mongodb.net] INFO  org.mongodb.driver.cluster - Adding discovered server ac-dzpjbyv-shard-00-02.ahyvsmf.mongodb.net:27017 to client view of cluster
2025-07-19 18:44:44 [cluster-ClusterId{value='687b9a4428e3dba68b60fbf4', description='Cluster0'}-srv-cluster0.ahyvsmf.mongodb.net] INFO  org.mongodb.driver.cluster - Adding discovered server ac-dzpjbyv-shard-00-01.ahyvsmf.mongodb.net:27017 to client view of cluster
2025-07-19 18:44:44 [main] INFO  org.mongodb.driver.cluster - Waiting for server to become available for operation with ID 5. Remaining time: 29997 ms. Selector: WritableServerSelector, topology description: {type=REPLICA_SET, servers=[{address=ac-dzpjbyv-shard-00-01.ahyvsmf.mongodb.net:27017, type=UNKNOWN, state=CONNECTING}, {address=ac-dzpjbyv-shard-00-00.ahyvsmf.mongodb.net:27017, type=UNKNOWN, state=CONNECTING}, {address=ac-dzpjbyv-shard-00-02.ahyvsmf.mongodb.net:27017, type=UNKNOWN, state=CONNECTING}].
2025-07-19 18:44:44 [cluster-ClusterId{value='687b9a4428e3dba68b60fbf4', description='Cluster0'}-ac-dzpjbyv-shard-00-01.ahyvsmf.mongodb.net:27017] INFO  org.mongodb.driver.cluster - Monitor thread successfully connected to server with description ServerDescription{address=ac-dzpjbyv-shard-00-01.ahyvsmf.mongodb.net:27017, type=REPLICA_SET_SECONDARY, cryptd=false, state=CONNECTED, ok=true, minWireVersion=0, maxWireVersion=25, maxDocumentSize=16777216, logicalSessionTimeoutMinutes=30, roundTripTimeNanos=176392209, minRoundTripTimeNanos=0, setName='atlas-mjks3u-shard-0', canonicalAddress=ac-dzpjbyv-shard-00-01.ahyvsmf.mongodb.net:27017, hosts=[ac-dzpjbyv-shard-00-00.ahyvsmf.mongodb.net:27017, ac-dzpjbyv-shard-00-02.ahyvsmf.mongodb.net:27017, ac-dzpjbyv-shard-00-01.ahyvsmf.mongodb.net:27017], passives=[], arbiters=[], primary='ac-dzpjbyv-shard-00-02.ahyvsmf.mongodb.net:27017', tagSet=TagSet{[Tag{name='availabilityZone', value='aps1-az3'}, Tag{name='diskState', value='READY'}, Tag{name='nodeType', value='ELECTABLE'}, Tag{name='provider', value='AWS'}, Tag{name='region', value='AP_SOUTH_1'}, Tag{name='workloadType', value='OPERATIONAL'}]}, electionId=null, setVersion=198, topologyVersion=TopologyVersion{processId=687a7d83c98dd7b3048e7ab5, counter=3}, lastWriteDate=Sat Jul 19 18:44:44 IST 2025, lastUpdateTimeNanos=9564974496750}
2025-07-19 18:44:44 [cluster-ClusterId{value='687b9a4428e3dba68b60fbf4', description='Cluster0'}-ac-dzpjbyv-shard-00-02.ahyvsmf.mongodb.net:27017] INFO  org.mongodb.driver.cluster - Monitor thread successfully connected to server with description ServerDescription{address=ac-dzpjbyv-shard-00-02.ahyvsmf.mongodb.net:27017, type=REPLICA_SET_PRIMARY, cryptd=false, state=CONNECTED, ok=true, minWireVersion=0, maxWireVersion=25, maxDocumentSize=16777216, logicalSessionTimeoutMinutes=30, roundTripTimeNanos=191277083, minRoundTripTimeNanos=0, setName='atlas-mjks3u-shard-0', canonicalAddress=ac-dzpjbyv-shard-00-02.ahyvsmf.mongodb.net:27017, hosts=[ac-dzpjbyv-shard-00-00.ahyvsmf.mongodb.net:27017, ac-dzpjbyv-shard-00-02.ahyvsmf.mongodb.net:27017, ac-dzpjbyv-shard-00-01.ahyvsmf.mongodb.net:27017], passives=[], arbiters=[], primary='ac-dzpjbyv-shard-00-02.ahyvsmf.mongodb.net:27017', tagSet=TagSet{[Tag{name='availabilityZone', value='aps1-az2'}, Tag{name='diskState', value='READY'}, Tag{name='nodeType', value='ELECTABLE'}, Tag{name='provider', value='AWS'}, Tag{name='region', value='AP_SOUTH_1'}, Tag{name='workloadType', value='OPERATIONAL'}]}, electionId=7fffffff00000000000001f7, setVersion=198, topologyVersion=TopologyVersion{processId=687a76116621835b46d4f0c9, counter=6}, lastWriteDate=Sat Jul 19 18:44:44 IST 2025, lastUpdateTimeNanos=9564974523291}
2025-07-19 18:44:44 [cluster-ClusterId{value='687b9a4428e3dba68b60fbf4', description='Cluster0'}-ac-dzpjbyv-shard-00-00.ahyvsmf.mongodb.net:27017] INFO  org.mongodb.driver.cluster - Monitor thread successfully connected to server with description ServerDescription{address=ac-dzpjbyv-shard-00-00.ahyvsmf.mongodb.net:27017, type=REPLICA_SET_SECONDARY, cryptd=false, state=CONNECTED, ok=true, minWireVersion=0, maxWireVersion=25, maxDocumentSize=16777216, logicalSessionTimeoutMinutes=30, roundTripTimeNanos=176362000, minRoundTripTimeNanos=0, setName='atlas-mjks3u-shard-0', canonicalAddress=ac-dzpjbyv-shard-00-00.ahyvsmf.mongodb.net:27017, hosts=[ac-dzpjbyv-shard-00-00.ahyvsmf.mongodb.net:27017, ac-dzpjbyv-shard-00-02.ahyvsmf.mongodb.net:27017, ac-dzpjbyv-shard-00-01.ahyvsmf.mongodb.net:27017], passives=[], arbiters=[], primary='ac-dzpjbyv-shard-00-02.ahyvsmf.mongodb.net:27017', tagSet=TagSet{[Tag{name='availabilityZone', value='aps1-az1'}, Tag{name='diskState', value='READY'}, Tag{name='nodeType', value='ELECTABLE'}, Tag{name='provider', value='AWS'}, Tag{name='region', value='AP_SOUTH_1'}, Tag{name='workloadType', value='OPERATIONAL'}]}, electionId=null, setVersion=198, topologyVersion=TopologyVersion{processId=687a725a51f7a1a85e8aa977, counter=5}, lastWriteDate=Sat Jul 19 18:44:44 IST 2025, lastUpdateTimeNanos=9564974496791}
2025-07-19 18:44:44 [cluster-ClusterId{value='687b9a4428e3dba68b60fbf4', description='Cluster0'}-ac-dzpjbyv-shard-00-02.ahyvsmf.mongodb.net:27017] INFO  org.mongodb.driver.cluster - Discovered replica set primary ac-dzpjbyv-shard-00-02.ahyvsmf.mongodb.net:27017 with max election id 7fffffff00000000000001f7 and max set version 198
2025-07-19 18:44:45 [main] INFO  o.s.s.c.a.a.c.InitializeAuthenticationProviderBeanManagerConfigurer$InitializeAuthenticationProviderManagerConfigurer - Global AuthenticationManager configured with AuthenticationProvider bean with name authenticationProvider
2025-07-19 18:44:45 [main] WARN  o.s.s.c.a.a.c.InitializeUserDetailsBeanManagerConfigurer$InitializeUserDetailsManagerConfigurer - Global AuthenticationManager configured with an AuthenticationProvider bean. UserDetailsService beans will not be used by Spring Security for automatically configuring username/password login. Consider removing the AuthenticationProvider bean. Alternatively, consider using the UserDetailsService in a manually instantiated DaoAuthenticationProvider. If the current configuration is intentional, to turn off this warning, increase the logging level of 'org.springframework.security.config.annotation.authentication.configuration.InitializeUserDetailsBeanManagerConfigurer' to ERROR
2025-07-19 18:44:45 [main] DEBUG o.s.s.web.DefaultSecurityFilterChain - Will secure any request with filters: DisableEncodeUrlFilter, WebAsyncManagerIntegrationFilter, SecurityContextHolderFilter, HeaderWriterFilter, LogoutFilter, BasicAuthenticationFilter, RequestCacheAwareFilter, SecurityContextHolderAwareRequestFilter, AnonymousAuthenticationFilter, ExceptionTranslationFilter, AuthorizationFilter
2025-07-19 18:44:45 [main] INFO  o.a.coyote.http11.Http11NioProtocol - Starting ProtocolHandler ["http-nio-8080"]
2025-07-19 18:44:45 [main] INFO  o.s.b.w.e.tomcat.TomcatWebServer - Tomcat started on port 8080 (http) with context path '/'
2025-07-19 18:44:45 [main] INFO  c.d.J.MyFirstJournalApplication - Started MyFirstJournalApplication in 1.966 seconds (process running for 2.306)
2025-07-19 18:45:45 [http-nio-8080-exec-2] INFO  o.a.c.c.C.[Tomcat].[localhost].[/] - Initializing Spring DispatcherServlet 'dispatcherServlet'
2025-07-19 18:45:45 [http-nio-8080-exec-2] INFO  o.s.web.servlet.DispatcherServlet - Initializing Servlet 'dispatcherServlet'
2025-07-19 18:45:45 [http-nio-8080-exec-2] INFO  o.s.web.servlet.DispatcherServlet - Completed initialization in 4 ms
2025-07-19 18:45:45 [http-nio-8080-exec-2] DEBUG o.s.security.web.FilterChainProxy - Securing GET /admin
2025-07-19 18:45:45 [http-nio-8080-exec-2] DEBUG o.s.s.a.d.DaoAuthenticationProvider - Authenticated user
2025-07-19 18:45:45 [http-nio-8080-exec-2] DEBUG o.s.s.w.a.w.BasicAuthenticationFilter - Set SecurityContextHolder to UsernamePasswordAuthenticationToken [Principal=org.springframework.security.core.userdetails.User [Username=Arjun Singh, Password=[PROTECTED], Enabled=true, AccountNonExpired=true, CredentialsNonExpired=true, AccountNonLocked=true, Granted Authorities=[ROLE_admin]], Credentials=[PROTECTED], Authenticated=true, Details=WebAuthenticationDetails [RemoteIpAddress=0:0:0:0:0:0:0:1, SessionId=null], Granted Authorities=[ROLE_admin]]
2025-07-19 18:45:45 [http-nio-8080-exec-2] DEBUG o.s.security.web.FilterChainProxy - Secured GET /admin
2025-07-19 19:16:55 [cluster-ClusterId{value='687b9a4428e3dba68b60fbf4', description='Cluster0'}-ac-dzpjbyv-shard-00-01.ahyvsmf.mongodb.net:27017] INFO  org.mongodb.driver.cluster - Exception in monitor thread while connecting to server ac-dzpjbyv-shard-00-01.ahyvsmf.mongodb.net:27017
com.mongodb.MongoSocketReadTimeoutException: Timeout while receiving message
	at com.mongodb.internal.connection.InternalStreamConnection.createReadTimeoutException(InternalStreamConnection.java:819)
	at com.mongodb.internal.connection.InternalStreamConnection.translateReadException(InternalStreamConnection.java:807)
	at com.mongodb.internal.connection.InternalStreamConnection.receiveResponseBuffers(InternalStreamConnection.java:857)
	at com.mongodb.internal.connection.InternalStreamConnection.receiveCommandMessageResponse(InternalStreamConnection.java:517)
	at com.mongodb.internal.connection.InternalStreamConnection.receive(InternalStreamConnection.java:469)
	at com.mongodb.internal.connection.DefaultServerMonitor$ServerMonitor.lookupServerDescription(DefaultServerMonitor.java:249)
	at com.mongodb.internal.connection.DefaultServerMonitor$ServerMonitor.run(DefaultServerMonitor.java:176)
Caused by: java.net.SocketTimeoutException: Read timed out
	at java.base/sun.nio.ch.NioSocketImpl.timedRead(NioSocketImpl.java:278)
	at java.base/sun.nio.ch.NioSocketImpl.implRead(NioSocketImpl.java:304)
	at java.base/sun.nio.ch.NioSocketImpl.read(NioSocketImpl.java:346)
	at java.base/sun.nio.ch.NioSocketImpl$1.read(NioSocketImpl.java:796)
	at java.base/java.net.Socket$SocketInputStream.implRead(Socket.java:1116)
	at java.base/java.net.Socket$SocketInputStream.read(Socket.java:1103)
	at java.base/sun.security.ssl.SSLSocketInputRecord.read(SSLSocketInputRecord.java:489)
	at java.base/sun.security.ssl.SSLSocketInputRecord.readHeader(SSLSocketInputRecord.java:483)
	at java.base/sun.security.ssl.SSLSocketInputRecord.bytesInCompletePacket(SSLSocketInputRecord.java:70)
	at java.base/sun.security.ssl.SSLSocketImpl.readApplicationRecord(SSLSocketImpl.java:1462)
	at java.base/sun.security.ssl.SSLSocketImpl$AppInputStream.read(SSLSocketImpl.java:1068)
	at com.mongodb.internal.connection.SocketStream.read(SocketStream.java:182)
	at com.mongodb.internal.connection.InternalStreamConnection.receiveResponseBuffers(InternalStreamConnection.java:824)
	... 4 common frames omitted
2025-07-19 19:16:55 [cluster-ClusterId{value='687b9a4428e3dba68b60fbf4', description='Cluster0'}-ac-dzpjbyv-shard-00-02.ahyvsmf.mongodb.net:27017] INFO  org.mongodb.driver.cluster - Exception in monitor thread while connecting to server ac-dzpjbyv-shard-00-02.ahyvsmf.mongodb.net:27017
com.mongodb.MongoSocketReadTimeoutException: Timeout while receiving message
	at com.mongodb.internal.connection.InternalStreamConnection.createReadTimeoutException(InternalStreamConnection.java:819)
	at com.mongodb.internal.connection.InternalStreamConnection.translateReadException(InternalStreamConnection.java:807)
	at com.mongodb.internal.connection.InternalStreamConnection.receiveResponseBuffers(InternalStreamConnection.java:857)
	at com.mongodb.internal.connection.InternalStreamConnection.receiveCommandMessageResponse(InternalStreamConnection.java:517)
	at com.mongodb.internal.connection.InternalStreamConnection.receive(InternalStreamConnection.java:469)
	at com.mongodb.internal.connection.DefaultServerMonitor$ServerMonitor.lookupServerDescription(DefaultServerMonitor.java:249)
	at com.mongodb.internal.connection.DefaultServerMonitor$ServerMonitor.run(DefaultServerMonitor.java:176)
Caused by: java.net.SocketTimeoutException: Read timed out
	at java.base/sun.nio.ch.NioSocketImpl.timedRead(NioSocketImpl.java:278)
	at java.base/sun.nio.ch.NioSocketImpl.implRead(NioSocketImpl.java:304)
	at java.base/sun.nio.ch.NioSocketImpl.read(NioSocketImpl.java:346)
	at java.base/sun.nio.ch.NioSocketImpl$1.read(NioSocketImpl.java:796)
	at java.base/java.net.Socket$SocketInputStream.implRead(Socket.java:1116)
	at java.base/java.net.Socket$SocketInputStream.read(Socket.java:1103)
	at java.base/sun.security.ssl.SSLSocketInputRecord.read(SSLSocketInputRecord.java:489)
	at java.base/sun.security.ssl.SSLSocketInputRecord.readHeader(SSLSocketInputRecord.java:483)
	at java.base/sun.security.ssl.SSLSocketInputRecord.bytesInCompletePacket(SSLSocketInputRecord.java:70)
	at java.base/sun.security.ssl.SSLSocketImpl.readApplicationRecord(SSLSocketImpl.java:1462)
	at java.base/sun.security.ssl.SSLSocketImpl$AppInputStream.read(SSLSocketImpl.java:1068)
	at com.mongodb.internal.connection.SocketStream.read(SocketStream.java:182)
	at com.mongodb.internal.connection.InternalStreamConnection.receiveResponseBuffers(InternalStreamConnection.java:824)
	... 4 common frames omitted
2025-07-19 19:16:56 [cluster-ClusterId{value='687b9a4428e3dba68b60fbf4', description='Cluster0'}-ac-dzpjbyv-shard-00-01.ahyvsmf.mongodb.net:27017] INFO  org.mongodb.driver.cluster - Monitor thread successfully connected to server with description ServerDescription{address=ac-dzpjbyv-shard-00-01.ahyvsmf.mongodb.net:27017, type=REPLICA_SET_SECONDARY, cryptd=false, state=CONNECTED, ok=true, minWireVersion=0, maxWireVersion=25, maxDocumentSize=16777216, logicalSessionTimeoutMinutes=30, roundTripTimeNanos=82189875, minRoundTripTimeNanos=0, setName='atlas-mjks3u-shard-0', canonicalAddress=ac-dzpjbyv-shard-00-01.ahyvsmf.mongodb.net:27017, hosts=[ac-dzpjbyv-shard-00-00.ahyvsmf.mongodb.net:27017, ac-dzpjbyv-shard-00-02.ahyvsmf.mongodb.net:27017, ac-dzpjbyv-shard-00-01.ahyvsmf.mongodb.net:27017], passives=[], arbiters=[], primary='ac-dzpjbyv-shard-00-02.ahyvsmf.mongodb.net:27017', tagSet=TagSet{[Tag{name='availabilityZone', value='aps1-az3'}, Tag{name='diskState', value='READY'}, Tag{name='nodeType', value='ELECTABLE'}, Tag{name='provider', value='AWS'}, Tag{name='region', value='AP_SOUTH_1'}, Tag{name='workloadType', value='OPERATIONAL'}]}, electionId=null, setVersion=198, topologyVersion=TopologyVersion{processId=687a7d83c98dd7b3048e7ab5, counter=3}, lastWriteDate=Sat Jul 19 19:16:56 IST 2025, lastUpdateTimeNanos=10536667536833}
2025-07-19 19:16:56 [cluster-ClusterId{value='687b9a4428e3dba68b60fbf4', description='Cluster0'}-ac-dzpjbyv-shard-00-02.ahyvsmf.mongodb.net:27017] INFO  org.mongodb.driver.cluster - Monitor thread successfully connected to server with description ServerDescription{address=ac-dzpjbyv-shard-00-02.ahyvsmf.mongodb.net:27017, type=REPLICA_SET_PRIMARY, cryptd=false, state=CONNECTED, ok=true, minWireVersion=0, maxWireVersion=25, maxDocumentSize=16777216, logicalSessionTimeoutMinutes=30, roundTripTimeNanos=82077584, minRoundTripTimeNanos=0, setName='atlas-mjks3u-shard-0', canonicalAddress=ac-dzpjbyv-shard-00-02.ahyvsmf.mongodb.net:27017, hosts=[ac-dzpjbyv-shard-00-00.ahyvsmf.mongodb.net:27017, ac-dzpjbyv-shard-00-02.ahyvsmf.mongodb.net:27017, ac-dzpjbyv-shard-00-01.ahyvsmf.mongodb.net:27017], passives=[], arbiters=[], primary='ac-dzpjbyv-shard-00-02.ahyvsmf.mongodb.net:27017', tagSet=TagSet{[Tag{name='availabilityZone', value='aps1-az2'}, Tag{name='diskState', value='READY'}, Tag{name='nodeType', value='ELECTABLE'}, Tag{name='provider', value='AWS'}, Tag{name='region', value='AP_SOUTH_1'}, Tag{name='workloadType', value='OPERATIONAL'}]}, electionId=7fffffff00000000000001f7, setVersion=198, topologyVersion=TopologyVersion{processId=687a76116621835b46d4f0c9, counter=6}, lastWriteDate=Sat Jul 19 19:16:56 IST 2025, lastUpdateTimeNanos=10536667604333}
2025-07-19 19:16:56 [cluster-ClusterId{value='687b9a4428e3dba68b60fbf4', description='Cluster0'}-ac-dzpjbyv-shard-00-02.ahyvsmf.mongodb.net:27017] INFO  org.mongodb.driver.cluster - Discovered replica set primary ac-dzpjbyv-shard-00-02.ahyvsmf.mongodb.net:27017 with max election id 7fffffff00000000000001f7 and max set version 198
2025-07-19 19:32:10 [cluster-ClusterId{value='687b9a4428e3dba68b60fbf4', description='Cluster0'}-ac-dzpjbyv-shard-00-00.ahyvsmf.mongodb.net:27017] INFO  org.mongodb.driver.cluster - Exception in monitor thread while connecting to server ac-dzpjbyv-shard-00-00.ahyvsmf.mongodb.net:27017
com.mongodb.MongoSocketReadTimeoutException: Timeout while receiving message
	at com.mongodb.internal.connection.InternalStreamConnection.createReadTimeoutException(InternalStreamConnection.java:819)
	at com.mongodb.internal.connection.InternalStreamConnection.translateReadException(InternalStreamConnection.java:807)
	at com.mongodb.internal.connection.InternalStreamConnection.receiveResponseBuffers(InternalStreamConnection.java:857)
	at com.mongodb.internal.connection.InternalStreamConnection.receiveCommandMessageResponse(InternalStreamConnection.java:517)
	at com.mongodb.internal.connection.InternalStreamConnection.receive(InternalStreamConnection.java:469)
	at com.mongodb.internal.connection.DefaultServerMonitor$ServerMonitor.lookupServerDescription(DefaultServerMonitor.java:249)
	at com.mongodb.internal.connection.DefaultServerMonitor$ServerMonitor.run(DefaultServerMonitor.java:176)
Caused by: java.net.SocketTimeoutException: Read timed out
	at java.base/sun.nio.ch.NioSocketImpl.timedRead(NioSocketImpl.java:278)
	at java.base/sun.nio.ch.NioSocketImpl.implRead(NioSocketImpl.java:304)
	at java.base/sun.nio.ch.NioSocketImpl.read(NioSocketImpl.java:346)
	at java.base/sun.nio.ch.NioSocketImpl$1.read(NioSocketImpl.java:796)
	at java.base/java.net.Socket$SocketInputStream.implRead(Socket.java:1116)
	at java.base/java.net.Socket$SocketInputStream.read(Socket.java:1103)
	at java.base/sun.security.ssl.SSLSocketInputRecord.read(SSLSocketInputRecord.java:489)
	at java.base/sun.security.ssl.SSLSocketInputRecord.readHeader(SSLSocketInputRecord.java:483)
	at java.base/sun.security.ssl.SSLSocketInputRecord.bytesInCompletePacket(SSLSocketInputRecord.java:70)
	at java.base/sun.security.ssl.SSLSocketImpl.readApplicationRecord(SSLSocketImpl.java:1462)
	at java.base/sun.security.ssl.SSLSocketImpl$AppInputStream.read(SSLSocketImpl.java:1068)
	at com.mongodb.internal.connection.SocketStream.read(SocketStream.java:182)
	at com.mongodb.internal.connection.InternalStreamConnection.receiveResponseBuffers(InternalStreamConnection.java:824)
	... 4 common frames omitted
2025-07-19 19:32:10 [cluster-ClusterId{value='687b9a4428e3dba68b60fbf4', description='Cluster0'}-ac-dzpjbyv-shard-00-00.ahyvsmf.mongodb.net:27017] INFO  org.mongodb.driver.cluster - Monitor thread successfully connected to server with description ServerDescription{address=ac-dzpjbyv-shard-00-00.ahyvsmf.mongodb.net:27017, type=REPLICA_SET_SECONDARY, cryptd=false, state=CONNECTED, ok=true, minWireVersion=0, maxWireVersion=25, maxDocumentSize=16777216, logicalSessionTimeoutMinutes=30, roundTripTimeNanos=90732125, minRoundTripTimeNanos=0, setName='atlas-mjks3u-shard-0', canonicalAddress=ac-dzpjbyv-shard-00-00.ahyvsmf.mongodb.net:27017, hosts=[ac-dzpjbyv-shard-00-00.ahyvsmf.mongodb.net:27017, ac-dzpjbyv-shard-00-02.ahyvsmf.mongodb.net:27017, ac-dzpjbyv-shard-00-01.ahyvsmf.mongodb.net:27017], passives=[], arbiters=[], primary='ac-dzpjbyv-shard-00-02.ahyvsmf.mongodb.net:27017', tagSet=TagSet{[Tag{name='availabilityZone', value='aps1-az1'}, Tag{name='diskState', value='READY'}, Tag{name='nodeType', value='ELECTABLE'}, Tag{name='provider', value='AWS'}, Tag{name='region', value='AP_SOUTH_1'}, Tag{name='workloadType', value='OPERATIONAL'}]}, electionId=null, setVersion=198, topologyVersion=TopologyVersion{processId=687a725a51f7a1a85e8aa977, counter=5}, lastWriteDate=Sat Jul 19 19:32:10 IST 2025, lastUpdateTimeNanos=10546320208916}
2025-07-19 20:03:45 [cluster-ClusterId{value='687b9a4428e3dba68b60fbf4', description='Cluster0'}-ac-dzpjbyv-shard-00-01.ahyvsmf.mongodb.net:27017] INFO  org.mongodb.driver.cluster - Exception in monitor thread while connecting to server ac-dzpjbyv-shard-00-01.ahyvsmf.mongodb.net:27017
com.mongodb.MongoSocketReadTimeoutException: Timeout while receiving message
	at com.mongodb.internal.connection.InternalStreamConnection.createReadTimeoutException(InternalStreamConnection.java:819)
	at com.mongodb.internal.connection.InternalStreamConnection.translateReadException(InternalStreamConnection.java:807)
	at com.mongodb.internal.connection.InternalStreamConnection.receiveResponseBuffers(InternalStreamConnection.java:857)
	at com.mongodb.internal.connection.InternalStreamConnection.receiveCommandMessageResponse(InternalStreamConnection.java:517)
	at com.mongodb.internal.connection.InternalStreamConnection.receive(InternalStreamConnection.java:469)
	at com.mongodb.internal.connection.DefaultServerMonitor$ServerMonitor.lookupServerDescription(DefaultServerMonitor.java:249)
	at com.mongodb.internal.connection.DefaultServerMonitor$ServerMonitor.run(DefaultServerMonitor.java:176)
Caused by: java.net.SocketTimeoutException: Read timed out
	at java.base/sun.nio.ch.NioSocketImpl.timedRead(NioSocketImpl.java:278)
	at java.base/sun.nio.ch.NioSocketImpl.implRead(NioSocketImpl.java:304)
	at java.base/sun.nio.ch.NioSocketImpl.read(NioSocketImpl.java:346)
	at java.base/sun.nio.ch.NioSocketImpl$1.read(NioSocketImpl.java:796)
	at java.base/java.net.Socket$SocketInputStream.implRead(Socket.java:1116)
	at java.base/java.net.Socket$SocketInputStream.read(Socket.java:1103)
	at java.base/sun.security.ssl.SSLSocketInputRecord.read(SSLSocketInputRecord.java:489)
	at java.base/sun.security.ssl.SSLSocketInputRecord.readHeader(SSLSocketInputRecord.java:483)
	at java.base/sun.security.ssl.SSLSocketInputRecord.bytesInCompletePacket(SSLSocketInputRecord.java:70)
	at java.base/sun.security.ssl.SSLSocketImpl.readApplicationRecord(SSLSocketImpl.java:1462)
	at java.base/sun.security.ssl.SSLSocketImpl$AppInputStream.read(SSLSocketImpl.java:1068)
	at com.mongodb.internal.connection.SocketStream.read(SocketStream.java:182)
	at com.mongodb.internal.connection.InternalStreamConnection.receiveResponseBuffers(InternalStreamConnection.java:824)
	... 4 common frames omitted
2025-07-19 20:03:45 [cluster-ClusterId{value='687b9a4428e3dba68b60fbf4', description='Cluster0'}-ac-dzpjbyv-shard-00-02.ahyvsmf.mongodb.net:27017] INFO  org.mongodb.driver.cluster - Exception in monitor thread while connecting to server ac-dzpjbyv-shard-00-02.ahyvsmf.mongodb.net:27017
com.mongodb.MongoSocketReadTimeoutException: Timeout while receiving message
	at com.mongodb.internal.connection.InternalStreamConnection.createReadTimeoutException(InternalStreamConnection.java:819)
	at com.mongodb.internal.connection.InternalStreamConnection.translateReadException(InternalStreamConnection.java:807)
	at com.mongodb.internal.connection.InternalStreamConnection.receiveResponseBuffers(InternalStreamConnection.java:857)
	at com.mongodb.internal.connection.InternalStreamConnection.receiveCommandMessageResponse(InternalStreamConnection.java:517)
	at com.mongodb.internal.connection.InternalStreamConnection.receive(InternalStreamConnection.java:469)
	at com.mongodb.internal.connection.DefaultServerMonitor$ServerMonitor.lookupServerDescription(DefaultServerMonitor.java:249)
	at com.mongodb.internal.connection.DefaultServerMonitor$ServerMonitor.run(DefaultServerMonitor.java:176)
Caused by: java.net.SocketTimeoutException: Read timed out
	at java.base/sun.nio.ch.NioSocketImpl.timedRead(NioSocketImpl.java:278)
	at java.base/sun.nio.ch.NioSocketImpl.implRead(NioSocketImpl.java:304)
	at java.base/sun.nio.ch.NioSocketImpl.read(NioSocketImpl.java:346)
	at java.base/sun.nio.ch.NioSocketImpl$1.read(NioSocketImpl.java:796)
	at java.base/java.net.Socket$SocketInputStream.implRead(Socket.java:1116)
	at java.base/java.net.Socket$SocketInputStream.read(Socket.java:1103)
	at java.base/sun.security.ssl.SSLSocketInputRecord.read(SSLSocketInputRecord.java:489)
	at java.base/sun.security.ssl.SSLSocketInputRecord.readHeader(SSLSocketInputRecord.java:483)
	at java.base/sun.security.ssl.SSLSocketInputRecord.bytesInCompletePacket(SSLSocketInputRecord.java:70)
	at java.base/sun.security.ssl.SSLSocketImpl.readApplicationRecord(SSLSocketImpl.java:1462)
	at java.base/sun.security.ssl.SSLSocketImpl$AppInputStream.read(SSLSocketImpl.java:1068)
	at com.mongodb.internal.connection.SocketStream.read(SocketStream.java:182)
	at com.mongodb.internal.connection.InternalStreamConnection.receiveResponseBuffers(InternalStreamConnection.java:824)
	... 4 common frames omitted
2025-07-19 20:03:45 [cluster-ClusterId{value='687b9a4428e3dba68b60fbf4', description='Cluster0'}-ac-dzpjbyv-shard-00-01.ahyvsmf.mongodb.net:27017] INFO  org.mongodb.driver.cluster - Monitor thread successfully connected to server with description ServerDescription{address=ac-dzpjbyv-shard-00-01.ahyvsmf.mongodb.net:27017, type=REPLICA_SET_SECONDARY, cryptd=false, state=CONNECTED, ok=true, minWireVersion=0, maxWireVersion=25, maxDocumentSize=16777216, logicalSessionTimeoutMinutes=30, roundTripTimeNanos=45628375, minRoundTripTimeNanos=0, setName='atlas-mjks3u-shard-0', canonicalAddress=ac-dzpjbyv-shard-00-01.ahyvsmf.mongodb.net:27017, hosts=[ac-dzpjbyv-shard-00-00.ahyvsmf.mongodb.net:27017, ac-dzpjbyv-shard-00-02.ahyvsmf.mongodb.net:27017, ac-dzpjbyv-shard-00-01.ahyvsmf.mongodb.net:27017], passives=[], arbiters=[], primary='ac-dzpjbyv-shard-00-02.ahyvsmf.mongodb.net:27017', tagSet=TagSet{[Tag{name='availabilityZone', value='aps1-az3'}, Tag{name='diskState', value='READY'}, Tag{name='nodeType', value='ELECTABLE'}, Tag{name='provider', value='AWS'}, Tag{name='region', value='AP_SOUTH_1'}, Tag{name='workloadType', value='OPERATIONAL'}]}, electionId=null, setVersion=198, topologyVersion=TopologyVersion{processId=687a7d83c98dd7b3048e7ab5, counter=3}, lastWriteDate=Sat Jul 19 20:03:45 IST 2025, lastUpdateTimeNanos=10556731637333}
2025-07-19 20:03:45 [cluster-ClusterId{value='687b9a4428e3dba68b60fbf4', description='Cluster0'}-ac-dzpjbyv-shard-00-02.ahyvsmf.mongodb.net:27017] INFO  org.mongodb.driver.cluster - Monitor thread successfully connected to server with description ServerDescription{address=ac-dzpjbyv-shard-00-02.ahyvsmf.mongodb.net:27017, type=REPLICA_SET_PRIMARY, cryptd=false, state=CONNECTED, ok=true, minWireVersion=0, maxWireVersion=25, maxDocumentSize=16777216, logicalSessionTimeoutMinutes=30, roundTripTimeNanos=45773208, minRoundTripTimeNanos=0, setName='atlas-mjks3u-shard-0', canonicalAddress=ac-dzpjbyv-shard-00-02.ahyvsmf.mongodb.net:27017, hosts=[ac-dzpjbyv-shard-00-00.ahyvsmf.mongodb.net:27017, ac-dzpjbyv-shard-00-02.ahyvsmf.mongodb.net:27017, ac-dzpjbyv-shard-00-01.ahyvsmf.mongodb.net:27017], passives=[], arbiters=[], primary='ac-dzpjbyv-shard-00-02.ahyvsmf.mongodb.net:27017', tagSet=TagSet{[Tag{name='availabilityZone', value='aps1-az2'}, Tag{name='diskState', value='READY'}, Tag{name='nodeType', value='ELECTABLE'}, Tag{name='provider', value='AWS'}, Tag{name='region', value='AP_SOUTH_1'}, Tag{name='workloadType', value='OPERATIONAL'}]}, electionId=7fffffff00000000000001f7, setVersion=198, topologyVersion=TopologyVersion{processId=687a76116621835b46d4f0c9, counter=6}, lastWriteDate=Sat Jul 19 20:03:45 IST 2025, lastUpdateTimeNanos=10556731786583}
2025-07-19 20:03:45 [cluster-ClusterId{value='687b9a4428e3dba68b60fbf4', description='Cluster0'}-ac-dzpjbyv-shard-00-02.ahyvsmf.mongodb.net:27017] INFO  org.mongodb.driver.cluster - Discovered replica set primary ac-dzpjbyv-shard-00-02.ahyvsmf.mongodb.net:27017 with max election id 7fffffff00000000000001f7 and max set version 198
2025-07-19 20:36:33 [cluster-ClusterId{value='687b9a4428e3dba68b60fbf4', description='Cluster0'}-ac-dzpjbyv-shard-00-00.ahyvsmf.mongodb.net:27017] INFO  org.mongodb.driver.cluster - Exception in monitor thread while connecting to server ac-dzpjbyv-shard-00-00.ahyvsmf.mongodb.net:27017
com.mongodb.MongoSocketReadTimeoutException: Timeout while receiving message
	at com.mongodb.internal.connection.InternalStreamConnection.createReadTimeoutException(InternalStreamConnection.java:819)
	at com.mongodb.internal.connection.InternalStreamConnection.translateReadException(InternalStreamConnection.java:807)
	at com.mongodb.internal.connection.InternalStreamConnection.receiveResponseBuffers(InternalStreamConnection.java:857)
	at com.mongodb.internal.connection.InternalStreamConnection.receiveCommandMessageResponse(InternalStreamConnection.java:517)
	at com.mongodb.internal.connection.InternalStreamConnection.receive(InternalStreamConnection.java:469)
	at com.mongodb.internal.connection.DefaultServerMonitor$ServerMonitor.lookupServerDescription(DefaultServerMonitor.java:249)
	at com.mongodb.internal.connection.DefaultServerMonitor$ServerMonitor.run(DefaultServerMonitor.java:176)
Caused by: java.net.SocketTimeoutException: Read timed out
	at java.base/sun.nio.ch.NioSocketImpl.timedRead(NioSocketImpl.java:278)
	at java.base/sun.nio.ch.NioSocketImpl.implRead(NioSocketImpl.java:304)
	at java.base/sun.nio.ch.NioSocketImpl.read(NioSocketImpl.java:346)
	at java.base/sun.nio.ch.NioSocketImpl$1.read(NioSocketImpl.java:796)
	at java.base/java.net.Socket$SocketInputStream.implRead(Socket.java:1116)
	at java.base/java.net.Socket$SocketInputStream.read(Socket.java:1103)
	at java.base/sun.security.ssl.SSLSocketInputRecord.read(SSLSocketInputRecord.java:489)
	at java.base/sun.security.ssl.SSLSocketInputRecord.readHeader(SSLSocketInputRecord.java:483)
	at java.base/sun.security.ssl.SSLSocketInputRecord.bytesInCompletePacket(SSLSocketInputRecord.java:70)
	at java.base/sun.security.ssl.SSLSocketImpl.readApplicationRecord(SSLSocketImpl.java:1462)
	at java.base/sun.security.ssl.SSLSocketImpl$AppInputStream.read(SSLSocketImpl.java:1068)
	at com.mongodb.internal.connection.SocketStream.read(SocketStream.java:182)
	at com.mongodb.internal.connection.InternalStreamConnection.receiveResponseBuffers(InternalStreamConnection.java:824)
	... 4 common frames omitted
2025-07-19 20:36:33 [cluster-ClusterId{value='687b9a4428e3dba68b60fbf4', description='Cluster0'}-ac-dzpjbyv-shard-00-00.ahyvsmf.mongodb.net:27017] INFO  org.mongodb.driver.cluster - Monitor thread successfully connected to server with description ServerDescription{address=ac-dzpjbyv-shard-00-00.ahyvsmf.mongodb.net:27017, type=REPLICA_SET_SECONDARY, cryptd=false, state=CONNECTED, ok=true, minWireVersion=0, maxWireVersion=25, maxDocumentSize=16777216, logicalSessionTimeoutMinutes=30, roundTripTimeNanos=76463125, minRoundTripTimeNanos=0, setName='atlas-mjks3u-shard-0', canonicalAddress=ac-dzpjbyv-shard-00-00.ahyvsmf.mongodb.net:27017, hosts=[ac-dzpjbyv-shard-00-00.ahyvsmf.mongodb.net:27017, ac-dzpjbyv-shard-00-02.ahyvsmf.mongodb.net:27017, ac-dzpjbyv-shard-00-01.ahyvsmf.mongodb.net:27017], passives=[], arbiters=[], primary='ac-dzpjbyv-shard-00-02.ahyvsmf.mongodb.net:27017', tagSet=TagSet{[Tag{name='availabilityZone', value='aps1-az1'}, Tag{name='diskState', value='READY'}, Tag{name='nodeType', value='ELECTABLE'}, Tag{name='provider', value='AWS'}, Tag{name='region', value='AP_SOUTH_1'}, Tag{name='workloadType', value='OPERATIONAL'}]}, electionId=null, setVersion=198, topologyVersion=TopologyVersion{processId=687a725a51f7a1a85e8aa977, counter=5}, lastWriteDate=Sat Jul 19 20:36:33 IST 2025, lastUpdateTimeNanos=10566420418833}
2025-07-19 20:39:20 [cluster-ClusterId{value='687b9a4428e3dba68b60fbf4', description='Cluster0'}-ac-dzpjbyv-shard-00-01.ahyvsmf.mongodb.net:27017] INFO  org.mongodb.driver.cluster - Exception in monitor thread while connecting to server ac-dzpjbyv-shard-00-01.ahyvsmf.mongodb.net:27017
com.mongodb.MongoSocketReadTimeoutException: Timeout while receiving message
	at com.mongodb.internal.connection.InternalStreamConnection.createReadTimeoutException(InternalStreamConnection.java:819)
	at com.mongodb.internal.connection.InternalStreamConnection.translateReadException(InternalStreamConnection.java:807)
	at com.mongodb.internal.connection.InternalStreamConnection.receiveResponseBuffers(InternalStreamConnection.java:857)
	at com.mongodb.internal.connection.InternalStreamConnection.receiveCommandMessageResponse(InternalStreamConnection.java:517)
	at com.mongodb.internal.connection.InternalStreamConnection.receive(InternalStreamConnection.java:469)
	at com.mongodb.internal.connection.DefaultServerMonitor$ServerMonitor.lookupServerDescription(DefaultServerMonitor.java:249)
	at com.mongodb.internal.connection.DefaultServerMonitor$ServerMonitor.run(DefaultServerMonitor.java:176)
Caused by: java.net.SocketTimeoutException: Read timed out
	at java.base/sun.nio.ch.NioSocketImpl.timedRead(NioSocketImpl.java:278)
	at java.base/sun.nio.ch.NioSocketImpl.implRead(NioSocketImpl.java:304)
	at java.base/sun.nio.ch.NioSocketImpl.read(NioSocketImpl.java:346)
	at java.base/sun.nio.ch.NioSocketImpl$1.read(NioSocketImpl.java:796)
	at java.base/java.net.Socket$SocketInputStream.implRead(Socket.java:1116)
	at java.base/java.net.Socket$SocketInputStream.read(Socket.java:1103)
	at java.base/sun.security.ssl.SSLSocketInputRecord.read(SSLSocketInputRecord.java:489)
	at java.base/sun.security.ssl.SSLSocketInputRecord.readHeader(SSLSocketInputRecord.java:483)
	at java.base/sun.security.ssl.SSLSocketInputRecord.bytesInCompletePacket(SSLSocketInputRecord.java:70)
	at java.base/sun.security.ssl.SSLSocketImpl.readApplicationRecord(SSLSocketImpl.java:1462)
	at java.base/sun.security.ssl.SSLSocketImpl$AppInputStream.read(SSLSocketImpl.java:1068)
	at com.mongodb.internal.connection.SocketStream.read(SocketStream.java:182)
	at com.mongodb.internal.connection.InternalStreamConnection.receiveResponseBuffers(InternalStreamConnection.java:824)
	... 4 common frames omitted
2025-07-19 20:39:20 [cluster-ClusterId{value='687b9a4428e3dba68b60fbf4', description='Cluster0'}-ac-dzpjbyv-shard-00-02.ahyvsmf.mongodb.net:27017] INFO  org.mongodb.driver.cluster - Exception in monitor thread while connecting to server ac-dzpjbyv-shard-00-02.ahyvsmf.mongodb.net:27017
com.mongodb.MongoSocketReadTimeoutException: Timeout while receiving message
	at com.mongodb.internal.connection.InternalStreamConnection.createReadTimeoutException(InternalStreamConnection.java:819)
	at com.mongodb.internal.connection.InternalStreamConnection.translateReadException(InternalStreamConnection.java:807)
	at com.mongodb.internal.connection.InternalStreamConnection.receiveResponseBuffers(InternalStreamConnection.java:857)
	at com.mongodb.internal.connection.InternalStreamConnection.receiveCommandMessageResponse(InternalStreamConnection.java:517)
	at com.mongodb.internal.connection.InternalStreamConnection.receive(InternalStreamConnection.java:469)
	at com.mongodb.internal.connection.DefaultServerMonitor$ServerMonitor.lookupServerDescription(DefaultServerMonitor.java:249)
	at com.mongodb.internal.connection.DefaultServerMonitor$ServerMonitor.run(DefaultServerMonitor.java:176)
Caused by: java.net.SocketTimeoutException: Read timed out
	at java.base/sun.nio.ch.NioSocketImpl.timedRead(NioSocketImpl.java:278)
	at java.base/sun.nio.ch.NioSocketImpl.implRead(NioSocketImpl.java:304)
	at java.base/sun.nio.ch.NioSocketImpl.read(NioSocketImpl.java:346)
	at java.base/sun.nio.ch.NioSocketImpl$1.read(NioSocketImpl.java:796)
	at java.base/java.net.Socket$SocketInputStream.implRead(Socket.java:1116)
	at java.base/java.net.Socket$SocketInputStream.read(Socket.java:1103)
	at java.base/sun.security.ssl.SSLSocketInputRecord.read(SSLSocketInputRecord.java:489)
	at java.base/sun.security.ssl.SSLSocketInputRecord.readHeader(SSLSocketInputRecord.java:483)
	at java.base/sun.security.ssl.SSLSocketInputRecord.bytesInCompletePacket(SSLSocketInputRecord.java:70)
	at java.base/sun.security.ssl.SSLSocketImpl.readApplicationRecord(SSLSocketImpl.java:1462)
	at java.base/sun.security.ssl.SSLSocketImpl$AppInputStream.read(SSLSocketImpl.java:1068)
	at com.mongodb.internal.connection.SocketStream.read(SocketStream.java:182)
	at com.mongodb.internal.connection.InternalStreamConnection.receiveResponseBuffers(InternalStreamConnection.java:824)
	... 4 common frames omitted
2025-07-19 20:39:21 [cluster-ClusterId{value='687b9a4428e3dba68b60fbf4', description='Cluster0'}-ac-dzpjbyv-shard-00-02.ahyvsmf.mongodb.net:27017] INFO  org.mongodb.driver.cluster - Monitor thread successfully connected to server with description ServerDescription{address=ac-dzpjbyv-shard-00-02.ahyvsmf.mongodb.net:27017, type=REPLICA_SET_PRIMARY, cryptd=false, state=CONNECTED, ok=true, minWireVersion=0, maxWireVersion=25, maxDocumentSize=16777216, logicalSessionTimeoutMinutes=30, roundTripTimeNanos=32376708, minRoundTripTimeNanos=0, setName='atlas-mjks3u-shard-0', canonicalAddress=ac-dzpjbyv-shard-00-02.ahyvsmf.mongodb.net:27017, hosts=[ac-dzpjbyv-shard-00-00.ahyvsmf.mongodb.net:27017, ac-dzpjbyv-shard-00-02.ahyvsmf.mongodb.net:27017, ac-dzpjbyv-shard-00-01.ahyvsmf.mongodb.net:27017], passives=[], arbiters=[], primary='ac-dzpjbyv-shard-00-02.ahyvsmf.mongodb.net:27017', tagSet=TagSet{[Tag{name='availabilityZone', value='aps1-az2'}, Tag{name='diskState', value='READY'}, Tag{name='nodeType', value='ELECTABLE'}, Tag{name='provider', value='AWS'}, Tag{name='region', value='AP_SOUTH_1'}, Tag{name='workloadType', value='OPERATIONAL'}]}, electionId=7fffffff00000000000001f7, setVersion=198, topologyVersion=TopologyVersion{processId=687a76116621835b46d4f0c9, counter=6}, lastWriteDate=Sat Jul 19 20:39:21 IST 2025, lastUpdateTimeNanos=10577843053458}
2025-07-19 20:39:21 [cluster-ClusterId{value='687b9a4428e3dba68b60fbf4', description='Cluster0'}-ac-dzpjbyv-shard-00-02.ahyvsmf.mongodb.net:27017] INFO  org.mongodb.driver.cluster - Discovered replica set primary ac-dzpjbyv-shard-00-02.ahyvsmf.mongodb.net:27017 with max election id 7fffffff00000000000001f7 and max set version 198
2025-07-19 20:39:21 [cluster-ClusterId{value='687b9a4428e3dba68b60fbf4', description='Cluster0'}-ac-dzpjbyv-shard-00-01.ahyvsmf.mongodb.net:27017] INFO  org.mongodb.driver.cluster - Monitor thread successfully connected to server with description ServerDescription{address=ac-dzpjbyv-shard-00-01.ahyvsmf.mongodb.net:27017, type=REPLICA_SET_SECONDARY, cryptd=false, state=CONNECTED, ok=true, minWireVersion=0, maxWireVersion=25, maxDocumentSize=16777216, logicalSessionTimeoutMinutes=30, roundTripTimeNanos=31752500, minRoundTripTimeNanos=0, setName='atlas-mjks3u-shard-0', canonicalAddress=ac-dzpjbyv-shard-00-01.ahyvsmf.mongodb.net:27017, hosts=[ac-dzpjbyv-shard-00-00.ahyvsmf.mongodb.net:27017, ac-dzpjbyv-shard-00-02.ahyvsmf.mongodb.net:27017, ac-dzpjbyv-shard-00-01.ahyvsmf.mongodb.net:27017], passives=[], arbiters=[], primary='ac-dzpjbyv-shard-00-02.ahyvsmf.mongodb.net:27017', tagSet=TagSet{[Tag{name='availabilityZone', value='aps1-az3'}, Tag{name='diskState', value='READY'}, Tag{name='nodeType', value='ELECTABLE'}, Tag{name='provider', value='AWS'}, Tag{name='region', value='AP_SOUTH_1'}, Tag{name='workloadType', value='OPERATIONAL'}]}, electionId=null, setVersion=198, topologyVersion=TopologyVersion{processId=687a7d83c98dd7b3048e7ab5, counter=3}, lastWriteDate=Sat Jul 19 20:39:21 IST 2025, lastUpdateTimeNanos=10577846446375}
2025-07-19 20:39:30 [cluster-ClusterId{value='687b9a4428e3dba68b60fbf4', description='Cluster0'}-ac-dzpjbyv-shard-00-00.ahyvsmf.mongodb.net:27017] INFO  org.mongodb.driver.cluster - Exception in monitor thread while connecting to server ac-dzpjbyv-shard-00-00.ahyvsmf.mongodb.net:27017
com.mongodb.MongoSocketReadTimeoutException: Timeout while receiving message
	at com.mongodb.internal.connection.InternalStreamConnection.createReadTimeoutException(InternalStreamConnection.java:819)
	at com.mongodb.internal.connection.InternalStreamConnection.translateReadException(InternalStreamConnection.java:807)
	at com.mongodb.internal.connection.InternalStreamConnection.receiveResponseBuffers(InternalStreamConnection.java:857)
	at com.mongodb.internal.connection.InternalStreamConnection.receiveCommandMessageResponse(InternalStreamConnection.java:517)
	at com.mongodb.internal.connection.InternalStreamConnection.receive(InternalStreamConnection.java:469)
	at com.mongodb.internal.connection.DefaultServerMonitor$ServerMonitor.lookupServerDescription(DefaultServerMonitor.java:249)
	at com.mongodb.internal.connection.DefaultServerMonitor$ServerMonitor.run(DefaultServerMonitor.java:176)
Caused by: java.net.SocketTimeoutException: Read timed out
	at java.base/sun.nio.ch.NioSocketImpl.timedRead(NioSocketImpl.java:278)
	at java.base/sun.nio.ch.NioSocketImpl.implRead(NioSocketImpl.java:304)
	at java.base/sun.nio.ch.NioSocketImpl.read(NioSocketImpl.java:346)
	at java.base/sun.nio.ch.NioSocketImpl$1.read(NioSocketImpl.java:796)
	at java.base/java.net.Socket$SocketInputStream.implRead(Socket.java:1116)
	at java.base/java.net.Socket$SocketInputStream.read(Socket.java:1103)
	at java.base/sun.security.ssl.SSLSocketInputRecord.read(SSLSocketInputRecord.java:489)
	at java.base/sun.security.ssl.SSLSocketInputRecord.readHeader(SSLSocketInputRecord.java:483)
	at java.base/sun.security.ssl.SSLSocketInputRecord.bytesInCompletePacket(SSLSocketInputRecord.java:70)
	at java.base/sun.security.ssl.SSLSocketImpl.readApplicationRecord(SSLSocketImpl.java:1462)
	at java.base/sun.security.ssl.SSLSocketImpl$AppInputStream.read(SSLSocketImpl.java:1068)
	at com.mongodb.internal.connection.SocketStream.read(SocketStream.java:182)
	at com.mongodb.internal.connection.InternalStreamConnection.receiveResponseBuffers(InternalStreamConnection.java:824)
	... 4 common frames omitted
2025-07-19 20:39:30 [cluster-ClusterId{value='687b9a4428e3dba68b60fbf4', description='Cluster0'}-ac-dzpjbyv-shard-00-00.ahyvsmf.mongodb.net:27017] INFO  org.mongodb.driver.cluster - Monitor thread successfully connected to server with description ServerDescription{address=ac-dzpjbyv-shard-00-00.ahyvsmf.mongodb.net:27017, type=REPLICA_SET_SECONDARY, cryptd=false, state=CONNECTED, ok=true, minWireVersion=0, maxWireVersion=25, maxDocumentSize=16777216, logicalSessionTimeoutMinutes=30, roundTripTimeNanos=38180917, minRoundTripTimeNanos=0, setName='atlas-mjks3u-shard-0', canonicalAddress=ac-dzpjbyv-shard-00-00.ahyvsmf.mongodb.net:27017, hosts=[ac-dzpjbyv-shard-00-00.ahyvsmf.mongodb.net:27017, ac-dzpjbyv-shard-00-02.ahyvsmf.mongodb.net:27017, ac-dzpjbyv-shard-00-01.ahyvsmf.mongodb.net:27017], passives=[], arbiters=[], primary='ac-dzpjbyv-shard-00-02.ahyvsmf.mongodb.net:27017', tagSet=TagSet{[Tag{name='availabilityZone', value='aps1-az1'}, Tag{name='diskState', value='READY'}, Tag{name='nodeType', value='ELECTABLE'}, Tag{name='provider', value='AWS'}, Tag{name='region', value='AP_SOUTH_1'}, Tag{name='workloadType', value='OPERATIONAL'}]}, electionId=null, setVersion=198, topologyVersion=TopologyVersion{processId=687a725a51f7a1a85e8aa977, counter=5}, lastWriteDate=Sat Jul 19 20:39:30 IST 2025, lastUpdateTimeNanos=10586543413500}
2025-07-19 21:14:11 [main] INFO  o.s.t.c.s.AnnotationConfigContextLoaderUtils - Could not detect default configuration classes for test class [com.dehlan.Journal.MyFirstJournalApplicationTests]: MyFirstJournalApplicationTests does not declare any static, non-private, non-final, nested classes annotated with @Configuration.
2025-07-19 21:14:11 [main] INFO  o.s.b.t.c.SpringBootTestContextBootstrapper - Found @SpringBootConfiguration com.dehlan.Journal.MyFirstJournalApplication for test class com.dehlan.Journal.MyFirstJournalApplicationTests
2025-07-19 21:14:11 [main] INFO  c.d.J.MyFirstJournalApplicationTests - Starting MyFirstJournalApplicationTests using Java 23 with PID 4053 (started by happysingh in /Users/happysingh/Documents/Journal)
2025-07-19 21:14:11 [main] INFO  c.d.J.MyFirstJournalApplicationTests - The following 1 profile is active: "dev"
2025-07-19 21:14:12 [main] INFO  o.s.d.r.c.RepositoryConfigurationDelegate - Bootstrapping Spring Data MongoDB repositories in DEFAULT mode.
2025-07-19 21:14:12 [main] INFO  o.s.d.r.c.RepositoryConfigurationDelegate - Finished Spring Data repository scanning in 24 ms. Found 2 MongoDB repository interfaces.
2025-07-19 21:14:12 [main] INFO  org.mongodb.driver.client - MongoClient with metadata {"application": {"name": "Cluster0"}, "driver": {"name": "mongo-java-driver|sync|spring-boot", "version": "5.5.1"}, "os": {"type": "Darwin", "name": "Mac OS X", "architecture": "aarch64", "version": "15.5"}, "platform": "Java/Oracle Corporation/23+37-2369"} created with settings MongoClientSettings{readPreference=primary, writeConcern=WriteConcern{w=majority, wTimeout=null ms, journal=null}, retryWrites=true, retryReads=true, readConcern=ReadConcern{level=null}, credential=MongoCredential{mechanism=null, userName='happesingh27', source='admin', password=<hidden>, mechanismProperties=<hidden>}, transportSettings=null, commandListeners=[], codecRegistry=ProvidersCodecRegistry{codecProviders=[ValueCodecProvider{}, BsonValueCodecProvider{}, DBRefCodecProvider{}, DBObjectCodecProvider{}, DocumentCodecProvider{}, CollectionCodecProvider{}, IterableCodecProvider{}, MapCodecProvider{}, GeoJsonCodecProvider{}, GridFSFileCodecProvider{}, Jsr310CodecProvider{}, JsonObjectCodecProvider{}, BsonCodecProvider{}, EnumCodecProvider{}, com.mongodb.client.model.mql.ExpressionCodecProvider@33ec2c0c, com.mongodb.Jep395RecordCodecProvider@5968800d, com.mongodb.KotlinCodecProvider@3887c7d7]}, loggerSettings=LoggerSettings{maxDocumentLength=1000}, clusterSettings={hosts=[127.0.0.1:27017], srvHost=cluster0.ahyvsmf.mongodb.net, srvServiceName=mongodb, mode=MULTIPLE, requiredClusterType=REPLICA_SET, requiredReplicaSetName='atlas-mjks3u-shard-0', serverSelector='null', clusterListeners='[]', serverSelectionTimeout='30000 ms', localThreshold='15 ms'}, socketSettings=SocketSettings{connectTimeoutMS=10000, readTimeoutMS=0, receiveBufferSize=0, proxySettings=ProxySettings{host=null, port=null, username=null, password=null}}, heartbeatSocketSettings=SocketSettings{connectTimeoutMS=10000, readTimeoutMS=10000, receiveBufferSize=0, proxySettings=ProxySettings{host=null, port=null, username=null, password=null}}, connectionPoolSettings=ConnectionPoolSettings{maxSize=100, minSize=0, maxWaitTimeMS=120000, maxConnectionLifeTimeMS=0, maxConnectionIdleTimeMS=0, maintenanceInitialDelayMS=0, maintenanceFrequencyMS=60000, connectionPoolListeners=[], maxConnecting=2}, serverSettings=ServerSettings{heartbeatFrequencyMS=10000, minHeartbeatFrequencyMS=500, serverMonitoringMode=AUTO, serverListeners='[]', serverMonitorListeners='[]'}, sslSettings=SslSettings{enabled=true, invalidHostNameAllowed=false, context=null}, applicationName='Cluster0', compressorList=[], uuidRepresentation=JAVA_LEGACY, serverApi=null, autoEncryptionSettings=null, dnsClient=null, inetAddressResolver=null, contextProvider=null, timeoutMS=null}
2025-07-19 21:14:12 [cluster-ClusterId{value='687bbd4c71df2600aa7f83ec', description='Cluster0'}-srv-cluster0.ahyvsmf.mongodb.net] INFO  org.mongodb.driver.cluster - Adding discovered server ac-dzpjbyv-shard-00-00.ahyvsmf.mongodb.net:27017 to client view of cluster
2025-07-19 21:14:12 [cluster-ClusterId{value='687bbd4c71df2600aa7f83ec', description='Cluster0'}-srv-cluster0.ahyvsmf.mongodb.net] INFO  org.mongodb.driver.cluster - Adding discovered server ac-dzpjbyv-shard-00-02.ahyvsmf.mongodb.net:27017 to client view of cluster
2025-07-19 21:14:12 [cluster-ClusterId{value='687bbd4c71df2600aa7f83ec', description='Cluster0'}-srv-cluster0.ahyvsmf.mongodb.net] INFO  org.mongodb.driver.cluster - Adding discovered server ac-dzpjbyv-shard-00-01.ahyvsmf.mongodb.net:27017 to client view of cluster
2025-07-19 21:14:12 [main] INFO  org.mongodb.driver.cluster - Waiting for server to become available for operation with ID 5. Remaining time: 29996 ms. Selector: WritableServerSelector, topology description: {type=REPLICA_SET, servers=[{address=ac-dzpjbyv-shard-00-01.ahyvsmf.mongodb.net:27017, type=UNKNOWN, state=CONNECTING}, {address=ac-dzpjbyv-shard-00-00.ahyvsmf.mongodb.net:27017, type=UNKNOWN, state=CONNECTING}, {address=ac-dzpjbyv-shard-00-02.ahyvsmf.mongodb.net:27017, type=UNKNOWN, state=CONNECTING}].
2025-07-19 21:14:12 [cluster-ClusterId{value='687bbd4c71df2600aa7f83ec', description='Cluster0'}-ac-dzpjbyv-shard-00-01.ahyvsmf.mongodb.net:27017] INFO  org.mongodb.driver.cluster - Monitor thread successfully connected to server with description ServerDescription{address=ac-dzpjbyv-shard-00-01.ahyvsmf.mongodb.net:27017, type=REPLICA_SET_SECONDARY, cryptd=false, state=CONNECTED, ok=true, minWireVersion=0, maxWireVersion=25, maxDocumentSize=16777216, logicalSessionTimeoutMinutes=30, roundTripTimeNanos=213436417, minRoundTripTimeNanos=0, setName='atlas-mjks3u-shard-0', canonicalAddress=ac-dzpjbyv-shard-00-01.ahyvsmf.mongodb.net:27017, hosts=[ac-dzpjbyv-shard-00-00.ahyvsmf.mongodb.net:27017, ac-dzpjbyv-shard-00-02.ahyvsmf.mongodb.net:27017, ac-dzpjbyv-shard-00-01.ahyvsmf.mongodb.net:27017], passives=[], arbiters=[], primary='ac-dzpjbyv-shard-00-02.ahyvsmf.mongodb.net:27017', tagSet=TagSet{[Tag{name='availabilityZone', value='aps1-az3'}, Tag{name='diskState', value='READY'}, Tag{name='nodeType', value='ELECTABLE'}, Tag{name='provider', value='AWS'}, Tag{name='region', value='AP_SOUTH_1'}, Tag{name='workloadType', value='OPERATIONAL'}]}, electionId=null, setVersion=198, topologyVersion=TopologyVersion{processId=687a7d83c98dd7b3048e7ab5, counter=3}, lastWriteDate=Sat Jul 19 21:14:12 IST 2025, lastUpdateTimeNanos=12669178651916}
2025-07-19 21:14:12 [cluster-ClusterId{value='687bbd4c71df2600aa7f83ec', description='Cluster0'}-ac-dzpjbyv-shard-00-02.ahyvsmf.mongodb.net:27017] INFO  org.mongodb.driver.cluster - Monitor thread successfully connected to server with description ServerDescription{address=ac-dzpjbyv-shard-00-02.ahyvsmf.mongodb.net:27017, type=REPLICA_SET_PRIMARY, cryptd=false, state=CONNECTED, ok=true, minWireVersion=0, maxWireVersion=25, maxDocumentSize=16777216, logicalSessionTimeoutMinutes=30, roundTripTimeNanos=213436708, minRoundTripTimeNanos=0, setName='atlas-mjks3u-shard-0', canonicalAddress=ac-dzpjbyv-shard-00-02.ahyvsmf.mongodb.net:27017, hosts=[ac-dzpjbyv-shard-00-00.ahyvsmf.mongodb.net:27017, ac-dzpjbyv-shard-00-02.ahyvsmf.mongodb.net:27017, ac-dzpjbyv-shard-00-01.ahyvsmf.mongodb.net:27017], passives=[], arbiters=[], primary='ac-dzpjbyv-shard-00-02.ahyvsmf.mongodb.net:27017', tagSet=TagSet{[Tag{name='availabilityZone', value='aps1-az2'}, Tag{name='diskState', value='READY'}, Tag{name='nodeType', value='ELECTABLE'}, Tag{name='provider', value='AWS'}, Tag{name='region', value='AP_SOUTH_1'}, Tag{name='workloadType', value='OPERATIONAL'}]}, electionId=7fffffff00000000000001f7, setVersion=198, topologyVersion=TopologyVersion{processId=687a76116621835b46d4f0c9, counter=6}, lastWriteDate=Sat Jul 19 21:14:12 IST 2025, lastUpdateTimeNanos=12669178651916}
2025-07-19 21:14:12 [cluster-ClusterId{value='687bbd4c71df2600aa7f83ec', description='Cluster0'}-ac-dzpjbyv-shard-00-00.ahyvsmf.mongodb.net:27017] INFO  org.mongodb.driver.cluster - Monitor thread successfully connected to server with description ServerDescription{address=ac-dzpjbyv-shard-00-00.ahyvsmf.mongodb.net:27017, type=REPLICA_SET_SECONDARY, cryptd=false, state=CONNECTED, ok=true, minWireVersion=0, maxWireVersion=25, maxDocumentSize=16777216, logicalSessionTimeoutMinutes=30, roundTripTimeNanos=213436750, minRoundTripTimeNanos=0, setName='atlas-mjks3u-shard-0', canonicalAddress=ac-dzpjbyv-shard-00-00.ahyvsmf.mongodb.net:27017, hosts=[ac-dzpjbyv-shard-00-00.ahyvsmf.mongodb.net:27017, ac-dzpjbyv-shard-00-02.ahyvsmf.mongodb.net:27017, ac-dzpjbyv-shard-00-01.ahyvsmf.mongodb.net:27017], passives=[], arbiters=[], primary='ac-dzpjbyv-shard-00-02.ahyvsmf.mongodb.net:27017', tagSet=TagSet{[Tag{name='availabilityZone', value='aps1-az1'}, Tag{name='diskState', value='READY'}, Tag{name='nodeType', value='ELECTABLE'}, Tag{name='provider', value='AWS'}, Tag{name='region', value='AP_SOUTH_1'}, Tag{name='workloadType', value='OPERATIONAL'}]}, electionId=null, setVersion=198, topologyVersion=TopologyVersion{processId=687a725a51f7a1a85e8aa977, counter=5}, lastWriteDate=Sat Jul 19 21:14:12 IST 2025, lastUpdateTimeNanos=12669178651958}
2025-07-19 21:14:12 [cluster-ClusterId{value='687bbd4c71df2600aa7f83ec', description='Cluster0'}-ac-dzpjbyv-shard-00-02.ahyvsmf.mongodb.net:27017] INFO  org.mongodb.driver.cluster - Discovered replica set primary ac-dzpjbyv-shard-00-02.ahyvsmf.mongodb.net:27017 with max election id 7fffffff00000000000001f7 and max set version 198
2025-07-19 21:14:13 [main] INFO  o.s.s.c.a.a.c.InitializeAuthenticationProviderBeanManagerConfigurer$InitializeAuthenticationProviderManagerConfigurer - Global AuthenticationManager configured with AuthenticationProvider bean with name authenticationProvider
2025-07-19 21:14:13 [main] WARN  o.s.s.c.a.a.c.InitializeUserDetailsBeanManagerConfigurer$InitializeUserDetailsManagerConfigurer - Global AuthenticationManager configured with an AuthenticationProvider bean. UserDetailsService beans will not be used by Spring Security for automatically configuring username/password login. Consider removing the AuthenticationProvider bean. Alternatively, consider using the UserDetailsService in a manually instantiated DaoAuthenticationProvider. If the current configuration is intentional, to turn off this warning, increase the logging level of 'org.springframework.security.config.annotation.authentication.configuration.InitializeUserDetailsBeanManagerConfigurer' to ERROR
2025-07-19 21:14:13 [main] DEBUG o.s.s.web.DefaultSecurityFilterChain - Will secure any request with filters: DisableEncodeUrlFilter, WebAsyncManagerIntegrationFilter, SecurityContextHolderFilter, HeaderWriterFilter, LogoutFilter, BasicAuthenticationFilter, RequestCacheAwareFilter, SecurityContextHolderAwareRequestFilter, AnonymousAuthenticationFilter, ExceptionTranslationFilter, AuthorizationFilter
2025-07-19 21:14:13 [main] INFO  c.d.J.MyFirstJournalApplicationTests - Started MyFirstJournalApplicationTests in 1.797 seconds (process running for 2.362)
2025-07-19 21:14:13 [main] INFO  o.s.t.c.s.AnnotationConfigContextLoaderUtils - Could not detect default configuration classes for test class [com.dehlan.Journal.service.UserServiceTests]: UserServiceTests does not declare any static, non-private, non-final, nested classes annotated with @Configuration.
2025-07-19 21:14:13 [main] INFO  o.s.b.t.c.SpringBootTestContextBootstrapper - Found @SpringBootConfiguration com.dehlan.Journal.MyFirstJournalApplication for test class com.dehlan.Journal.service.UserServiceTests
2025-07-19 21:42:35 [main] INFO  o.s.t.c.s.AnnotationConfigContextLoaderUtils - Could not detect default configuration classes for test class [com.dehlan.Journal.MyFirstJournalApplicationTests]: MyFirstJournalApplicationTests does not declare any static, non-private, non-final, nested classes annotated with @Configuration.
2025-07-19 21:42:35 [main] INFO  o.s.b.t.c.SpringBootTestContextBootstrapper - Found @SpringBootConfiguration com.dehlan.Journal.MyFirstJournalApplication for test class com.dehlan.Journal.MyFirstJournalApplicationTests
2025-07-19 21:42:35 [main] INFO  c.d.J.MyFirstJournalApplicationTests - Starting MyFirstJournalApplicationTests using Java 23 with PID 4336 (started by happysingh in /Users/happysingh/Documents/Journal)
2025-07-19 21:42:35 [main] INFO  c.d.J.MyFirstJournalApplicationTests - The following 1 profile is active: "dev"
2025-07-19 21:42:35 [main] INFO  o.s.d.r.c.RepositoryConfigurationDelegate - Bootstrapping Spring Data MongoDB repositories in DEFAULT mode.
2025-07-19 21:42:35 [main] INFO  o.s.d.r.c.RepositoryConfigurationDelegate - Finished Spring Data repository scanning in 20 ms. Found 2 MongoDB repository interfaces.
2025-07-19 21:42:35 [cluster-ClusterId{value='687bc3f3699498e59552f858', description='Cluster0'}-srv-cluster0.ahyvsmf.mongodb.net] INFO  org.mongodb.driver.cluster - Adding discovered server ac-dzpjbyv-shard-00-00.ahyvsmf.mongodb.net:27017 to client view of cluster
2025-07-19 21:42:36 [main] INFO  org.mongodb.driver.client - MongoClient with metadata {"application": {"name": "Cluster0"}, "driver": {"name": "mongo-java-driver|sync|spring-boot", "version": "5.5.1"}, "os": {"type": "Darwin", "name": "Mac OS X", "architecture": "aarch64", "version": "15.5"}, "platform": "Java/Oracle Corporation/23+37-2369"} created with settings MongoClientSettings{readPreference=primary, writeConcern=WriteConcern{w=majority, wTimeout=null ms, journal=null}, retryWrites=true, retryReads=true, readConcern=ReadConcern{level=null}, credential=MongoCredential{mechanism=null, userName='happesingh27', source='admin', password=<hidden>, mechanismProperties=<hidden>}, transportSettings=null, commandListeners=[], codecRegistry=ProvidersCodecRegistry{codecProviders=[ValueCodecProvider{}, BsonValueCodecProvider{}, DBRefCodecProvider{}, DBObjectCodecProvider{}, DocumentCodecProvider{}, CollectionCodecProvider{}, IterableCodecProvider{}, MapCodecProvider{}, GeoJsonCodecProvider{}, GridFSFileCodecProvider{}, Jsr310CodecProvider{}, JsonObjectCodecProvider{}, BsonCodecProvider{}, EnumCodecProvider{}, com.mongodb.client.model.mql.ExpressionCodecProvider@6f38f084, com.mongodb.Jep395RecordCodecProvider@4ef18604, com.mongodb.KotlinCodecProvider@372f0a99]}, loggerSettings=LoggerSettings{maxDocumentLength=1000}, clusterSettings={hosts=[127.0.0.1:27017], srvHost=cluster0.ahyvsmf.mongodb.net, srvServiceName=mongodb, mode=MULTIPLE, requiredClusterType=REPLICA_SET, requiredReplicaSetName='atlas-mjks3u-shard-0', serverSelector='null', clusterListeners='[]', serverSelectionTimeout='30000 ms', localThreshold='15 ms'}, socketSettings=SocketSettings{connectTimeoutMS=10000, readTimeoutMS=0, receiveBufferSize=0, proxySettings=ProxySettings{host=null, port=null, username=null, password=null}}, heartbeatSocketSettings=SocketSettings{connectTimeoutMS=10000, readTimeoutMS=10000, receiveBufferSize=0, proxySettings=ProxySettings{host=null, port=null, username=null, password=null}}, connectionPoolSettings=ConnectionPoolSettings{maxSize=100, minSize=0, maxWaitTimeMS=120000, maxConnectionLifeTimeMS=0, maxConnectionIdleTimeMS=0, maintenanceInitialDelayMS=0, maintenanceFrequencyMS=60000, connectionPoolListeners=[], maxConnecting=2}, serverSettings=ServerSettings{heartbeatFrequencyMS=10000, minHeartbeatFrequencyMS=500, serverMonitoringMode=AUTO, serverListeners='[]', serverMonitorListeners='[]'}, sslSettings=SslSettings{enabled=true, invalidHostNameAllowed=false, context=null}, applicationName='Cluster0', compressorList=[], uuidRepresentation=JAVA_LEGACY, serverApi=null, autoEncryptionSettings=null, dnsClient=null, inetAddressResolver=null, contextProvider=null, timeoutMS=null}
2025-07-19 21:42:36 [cluster-ClusterId{value='687bc3f3699498e59552f858', description='Cluster0'}-srv-cluster0.ahyvsmf.mongodb.net] INFO  org.mongodb.driver.cluster - Adding discovered server ac-dzpjbyv-shard-00-02.ahyvsmf.mongodb.net:27017 to client view of cluster
2025-07-19 21:42:36 [cluster-ClusterId{value='687bc3f3699498e59552f858', description='Cluster0'}-srv-cluster0.ahyvsmf.mongodb.net] INFO  org.mongodb.driver.cluster - Adding discovered server ac-dzpjbyv-shard-00-01.ahyvsmf.mongodb.net:27017 to client view of cluster
2025-07-19 21:42:36 [main] INFO  org.mongodb.driver.cluster - Waiting for server to become available for operation with ID 5. Remaining time: 29996 ms. Selector: WritableServerSelector, topology description: {type=REPLICA_SET, servers=[{address=ac-dzpjbyv-shard-00-01.ahyvsmf.mongodb.net:27017, type=UNKNOWN, state=CONNECTING}, {address=ac-dzpjbyv-shard-00-00.ahyvsmf.mongodb.net:27017, type=UNKNOWN, state=CONNECTING}, {address=ac-dzpjbyv-shard-00-02.ahyvsmf.mongodb.net:27017, type=UNKNOWN, state=CONNECTING}].
2025-07-19 21:42:36 [cluster-ClusterId{value='687bc3f3699498e59552f858', description='Cluster0'}-ac-dzpjbyv-shard-00-02.ahyvsmf.mongodb.net:27017] INFO  org.mongodb.driver.cluster - Monitor thread successfully connected to server with description ServerDescription{address=ac-dzpjbyv-shard-00-02.ahyvsmf.mongodb.net:27017, type=REPLICA_SET_PRIMARY, cryptd=false, state=CONNECTED, ok=true, minWireVersion=0, maxWireVersion=25, maxDocumentSize=16777216, logicalSessionTimeoutMinutes=30, roundTripTimeNanos=187271291, minRoundTripTimeNanos=0, setName='atlas-mjks3u-shard-0', canonicalAddress=ac-dzpjbyv-shard-00-02.ahyvsmf.mongodb.net:27017, hosts=[ac-dzpjbyv-shard-00-00.ahyvsmf.mongodb.net:27017, ac-dzpjbyv-shard-00-02.ahyvsmf.mongodb.net:27017, ac-dzpjbyv-shard-00-01.ahyvsmf.mongodb.net:27017], passives=[], arbiters=[], primary='ac-dzpjbyv-shard-00-02.ahyvsmf.mongodb.net:27017', tagSet=TagSet{[Tag{name='availabilityZone', value='aps1-az2'}, Tag{name='diskState', value='READY'}, Tag{name='nodeType', value='ELECTABLE'}, Tag{name='provider', value='AWS'}, Tag{name='region', value='AP_SOUTH_1'}, Tag{name='workloadType', value='OPERATIONAL'}]}, electionId=7fffffff00000000000001f7, setVersion=198, topologyVersion=TopologyVersion{processId=687a76116621835b46d4f0c9, counter=6}, lastWriteDate=Sat Jul 19 21:42:36 IST 2025, lastUpdateTimeNanos=14336611915708}
2025-07-19 21:42:36 [cluster-ClusterId{value='687bc3f3699498e59552f858', description='Cluster0'}-ac-dzpjbyv-shard-00-00.ahyvsmf.mongodb.net:27017] INFO  org.mongodb.driver.cluster - Monitor thread successfully connected to server with description ServerDescription{address=ac-dzpjbyv-shard-00-00.ahyvsmf.mongodb.net:27017, type=REPLICA_SET_SECONDARY, cryptd=false, state=CONNECTED, ok=true, minWireVersion=0, maxWireVersion=25, maxDocumentSize=16777216, logicalSessionTimeoutMinutes=30, roundTripTimeNanos=171192959, minRoundTripTimeNanos=0, setName='atlas-mjks3u-shard-0', canonicalAddress=ac-dzpjbyv-shard-00-00.ahyvsmf.mongodb.net:27017, hosts=[ac-dzpjbyv-shard-00-00.ahyvsmf.mongodb.net:27017, ac-dzpjbyv-shard-00-02.ahyvsmf.mongodb.net:27017, ac-dzpjbyv-shard-00-01.ahyvsmf.mongodb.net:27017], passives=[], arbiters=[], primary='ac-dzpjbyv-shard-00-02.ahyvsmf.mongodb.net:27017', tagSet=TagSet{[Tag{name='availabilityZone', value='aps1-az1'}, Tag{name='diskState', value='READY'}, Tag{name='nodeType', value='ELECTABLE'}, Tag{name='provider', value='AWS'}, Tag{name='region', value='AP_SOUTH_1'}, Tag{name='workloadType', value='OPERATIONAL'}]}, electionId=null, setVersion=198, topologyVersion=TopologyVersion{processId=687a725a51f7a1a85e8aa977, counter=5}, lastWriteDate=Sat Jul 19 21:42:36 IST 2025, lastUpdateTimeNanos=14336611915708}
2025-07-19 21:42:36 [cluster-ClusterId{value='687bc3f3699498e59552f858', description='Cluster0'}-ac-dzpjbyv-shard-00-01.ahyvsmf.mongodb.net:27017] INFO  org.mongodb.driver.cluster - Monitor thread successfully connected to server with description ServerDescription{address=ac-dzpjbyv-shard-00-01.ahyvsmf.mongodb.net:27017, type=REPLICA_SET_SECONDARY, cryptd=false, state=CONNECTED, ok=true, minWireVersion=0, maxWireVersion=25, maxDocumentSize=16777216, logicalSessionTimeoutMinutes=30, roundTripTimeNanos=187273584, minRoundTripTimeNanos=0, setName='atlas-mjks3u-shard-0', canonicalAddress=ac-dzpjbyv-shard-00-01.ahyvsmf.mongodb.net:27017, hosts=[ac-dzpjbyv-shard-00-00.ahyvsmf.mongodb.net:27017, ac-dzpjbyv-shard-00-02.ahyvsmf.mongodb.net:27017, ac-dzpjbyv-shard-00-01.ahyvsmf.mongodb.net:27017], passives=[], arbiters=[], primary='ac-dzpjbyv-shard-00-02.ahyvsmf.mongodb.net:27017', tagSet=TagSet{[Tag{name='availabilityZone', value='aps1-az3'}, Tag{name='diskState', value='READY'}, Tag{name='nodeType', value='ELECTABLE'}, Tag{name='provider', value='AWS'}, Tag{name='region', value='AP_SOUTH_1'}, Tag{name='workloadType', value='OPERATIONAL'}]}, electionId=null, setVersion=198, topologyVersion=TopologyVersion{processId=687a7d83c98dd7b3048e7ab5, counter=3}, lastWriteDate=Sat Jul 19 21:42:36 IST 2025, lastUpdateTimeNanos=14336611915708}
2025-07-19 21:42:36 [cluster-ClusterId{value='687bc3f3699498e59552f858', description='Cluster0'}-ac-dzpjbyv-shard-00-02.ahyvsmf.mongodb.net:27017] INFO  org.mongodb.driver.cluster - Discovered replica set primary ac-dzpjbyv-shard-00-02.ahyvsmf.mongodb.net:27017 with max election id 7fffffff00000000000001f7 and max set version 198
2025-07-19 21:42:36 [main] INFO  o.s.s.c.a.a.c.InitializeAuthenticationProviderBeanManagerConfigurer$InitializeAuthenticationProviderManagerConfigurer - Global AuthenticationManager configured with AuthenticationProvider bean with name authenticationProvider
2025-07-19 21:42:36 [main] WARN  o.s.s.c.a.a.c.InitializeUserDetailsBeanManagerConfigurer$InitializeUserDetailsManagerConfigurer - Global AuthenticationManager configured with an AuthenticationProvider bean. UserDetailsService beans will not be used by Spring Security for automatically configuring username/password login. Consider removing the AuthenticationProvider bean. Alternatively, consider using the UserDetailsService in a manually instantiated DaoAuthenticationProvider. If the current configuration is intentional, to turn off this warning, increase the logging level of 'org.springframework.security.config.annotation.authentication.configuration.InitializeUserDetailsBeanManagerConfigurer' to ERROR
2025-07-19 21:42:36 [main] DEBUG o.s.s.web.DefaultSecurityFilterChain - Will secure any request with filters: DisableEncodeUrlFilter, WebAsyncManagerIntegrationFilter, SecurityContextHolderFilter, HeaderWriterFilter, LogoutFilter, BasicAuthenticationFilter, RequestCacheAwareFilter, SecurityContextHolderAwareRequestFilter, AnonymousAuthenticationFilter, ExceptionTranslationFilter, AuthorizationFilter
2025-07-19 21:42:37 [main] INFO  c.d.J.MyFirstJournalApplicationTests - Started MyFirstJournalApplicationTests in 1.802 seconds (process running for 2.344)
2025-07-19 21:42:37 [main] INFO  o.s.t.c.s.AnnotationConfigContextLoaderUtils - Could not detect default configuration classes for test class [com.dehlan.Journal.service.UserServiceTests]: UserServiceTests does not declare any static, non-private, non-final, nested classes annotated with @Configuration.
2025-07-19 21:42:37 [main] INFO  o.s.b.t.c.SpringBootTestContextBootstrapper - Found @SpringBootConfiguration com.dehlan.Journal.MyFirstJournalApplication for test class com.dehlan.Journal.service.UserServiceTests
2025-07-19 22:01:12 [SpringApplicationShutdownHook] INFO  o.s.b.w.e.tomcat.GracefulShutdown - Commencing graceful shutdown. Waiting for active requests to complete
2025-07-19 22:01:12 [tomcat-shutdown] INFO  o.s.b.w.e.tomcat.GracefulShutdown - Graceful shutdown complete
