2025-07-23 00:12:31 [cluster-ClusterId{value='687f5731dc1f04c8c5b726c2', description='Cluster0'}-ac-dzpjbyv-shard-00-00.ahyvsmf.mongodb.net:27017] INFO  org.mongodb.driver.cluster - Exception in monitor thread while connecting to server ac-dzpjbyv-shard-00-00.ahyvsmf.mongodb.net:27017
com.mongodb.MongoSocketReadTimeoutException: Timeout while receiving message
	at com.mongodb.internal.connection.InternalStreamConnection.createReadTimeoutException(InternalStreamConnection.java:819)
	at com.mongodb.internal.connection.InternalStreamConnection.translateReadException(InternalStreamConnection.java:807)
	at com.mongodb.internal.connection.InternalStreamConnection.receiveResponseBuffers(InternalStreamConnection.java:857)
	at com.mongodb.internal.connection.InternalStreamConnection.receiveCommandMessageResponse(InternalStreamConnection.java:517)
	at com.mongodb.internal.connection.InternalStreamConnection.receive(InternalStreamConnection.java:469)
	at com.mongodb.internal.connection.DefaultServerMonitor$ServerMonitor.lookupServerDescription(DefaultServerMonitor.java:249)
	at com.mongodb.internal.connection.DefaultServerMonitor$ServerMonitor.run(DefaultServerMonitor.java:176)
Caused by: java.net.SocketTimeoutException: Read timed out
	at java.base/sun.nio.ch.NioSocketImpl.timedRead(NioSocketImpl.java:278)
	at java.base/sun.nio.ch.NioSocketImpl.implRead(NioSocketImpl.java:304)
	at java.base/sun.nio.ch.NioSocketImpl.read(NioSocketImpl.java:346)
	at java.base/sun.nio.ch.NioSocketImpl$1.read(NioSocketImpl.java:796)
	at java.base/java.net.Socket$SocketInputStream.implRead(Socket.java:1116)
	at java.base/java.net.Socket$SocketInputStream.read(Socket.java:1103)
	at java.base/sun.security.ssl.SSLSocketInputRecord.read(SSLSocketInputRecord.java:489)
	at java.base/sun.security.ssl.SSLSocketInputRecord.readHeader(SSLSocketInputRecord.java:483)
	at java.base/sun.security.ssl.SSLSocketInputRecord.bytesInCompletePacket(SSLSocketInputRecord.java:70)
	at java.base/sun.security.ssl.SSLSocketImpl.readApplicationRecord(SSLSocketImpl.java:1462)
	at java.base/sun.security.ssl.SSLSocketImpl$AppInputStream.read(SSLSocketImpl.java:1068)
	at com.mongodb.internal.connection.SocketStream.read(SocketStream.java:182)
	at com.mongodb.internal.connection.InternalStreamConnection.receiveResponseBuffers(InternalStreamConnection.java:824)
	... 4 common frames omitted
2025-07-23 00:12:31 [cluster-ClusterId{value='687f5731dc1f04c8c5b726c2', description='Cluster0'}-ac-dzpjbyv-shard-00-00.ahyvsmf.mongodb.net:27017] INFO  org.mongodb.driver.cluster - Monitor thread successfully connected to server with description ServerDescription{address=ac-dzpjbyv-shard-00-00.ahyvsmf.mongodb.net:27017, type=REPLICA_SET_SECONDARY, cryptd=false, state=CONNECTED, ok=true, minWireVersion=0, maxWireVersion=25, maxDocumentSize=16777216, logicalSessionTimeoutMinutes=30, roundTripTimeNanos=29876792, minRoundTripTimeNanos=0, setName='atlas-mjks3u-shard-0', canonicalAddress=ac-dzpjbyv-shard-00-00.ahyvsmf.mongodb.net:27017, hosts=[ac-dzpjbyv-shard-00-00.ahyvsmf.mongodb.net:27017, ac-dzpjbyv-shard-00-02.ahyvsmf.mongodb.net:27017, ac-dzpjbyv-shard-00-01.ahyvsmf.mongodb.net:27017], passives=[], arbiters=[], primary='ac-dzpjbyv-shard-00-02.ahyvsmf.mongodb.net:27017', tagSet=TagSet{[Tag{name='availabilityZone', value='aps1-az1'}, Tag{name='diskState', value='READY'}, Tag{name='nodeType', value='ELECTABLE'}, Tag{name='provider', value='AWS'}, Tag{name='region', value='AP_SOUTH_1'}, Tag{name='workloadType', value='OPERATIONAL'}]}, electionId=null, setVersion=198, topologyVersion=TopologyVersion{processId=687a725a51f7a1a85e8aa977, counter=5}, lastWriteDate=Wed Jul 23 00:12:31 IST 2025, lastUpdateTimeNanos=23311462211250}
2025-07-23 00:12:31 [cluster-ClusterId{value='687f5731dc1f04c8c5b726c2', description='Cluster0'}-ac-dzpjbyv-shard-00-02.ahyvsmf.mongodb.net:27017] INFO  org.mongodb.driver.cluster - Exception in monitor thread while connecting to server ac-dzpjbyv-shard-00-02.ahyvsmf.mongodb.net:27017
com.mongodb.MongoSocketReadTimeoutException: Timeout while receiving message
	at com.mongodb.internal.connection.InternalStreamConnection.createReadTimeoutException(InternalStreamConnection.java:819)
	at com.mongodb.internal.connection.InternalStreamConnection.translateReadException(InternalStreamConnection.java:807)
	at com.mongodb.internal.connection.InternalStreamConnection.receiveResponseBuffers(InternalStreamConnection.java:857)
	at com.mongodb.internal.connection.InternalStreamConnection.receiveCommandMessageResponse(InternalStreamConnection.java:517)
	at com.mongodb.internal.connection.InternalStreamConnection.receive(InternalStreamConnection.java:469)
	at com.mongodb.internal.connection.DefaultServerMonitor$ServerMonitor.lookupServerDescription(DefaultServerMonitor.java:249)
	at com.mongodb.internal.connection.DefaultServerMonitor$ServerMonitor.run(DefaultServerMonitor.java:176)
Caused by: java.net.SocketTimeoutException: Read timed out
	at java.base/sun.nio.ch.NioSocketImpl.timedRead(NioSocketImpl.java:278)
	at java.base/sun.nio.ch.NioSocketImpl.implRead(NioSocketImpl.java:304)
	at java.base/sun.nio.ch.NioSocketImpl.read(NioSocketImpl.java:346)
	at java.base/sun.nio.ch.NioSocketImpl$1.read(NioSocketImpl.java:796)
	at java.base/java.net.Socket$SocketInputStream.implRead(Socket.java:1116)
	at java.base/java.net.Socket$SocketInputStream.read(Socket.java:1103)
	at java.base/sun.security.ssl.SSLSocketInputRecord.read(SSLSocketInputRecord.java:489)
	at java.base/sun.security.ssl.SSLSocketInputRecord.readHeader(SSLSocketInputRecord.java:483)
	at java.base/sun.security.ssl.SSLSocketInputRecord.bytesInCompletePacket(SSLSocketInputRecord.java:70)
	at java.base/sun.security.ssl.SSLSocketImpl.readApplicationRecord(SSLSocketImpl.java:1462)
	at java.base/sun.security.ssl.SSLSocketImpl$AppInputStream.read(SSLSocketImpl.java:1068)
	at com.mongodb.internal.connection.SocketStream.read(SocketStream.java:182)
	at com.mongodb.internal.connection.InternalStreamConnection.receiveResponseBuffers(InternalStreamConnection.java:824)
	... 4 common frames omitted
2025-07-23 00:12:31 [cluster-ClusterId{value='687f5731dc1f04c8c5b726c2', description='Cluster0'}-ac-dzpjbyv-shard-00-02.ahyvsmf.mongodb.net:27017] INFO  org.mongodb.driver.cluster - Monitor thread successfully connected to server with description ServerDescription{address=ac-dzpjbyv-shard-00-02.ahyvsmf.mongodb.net:27017, type=REPLICA_SET_PRIMARY, cryptd=false, state=CONNECTED, ok=true, minWireVersion=0, maxWireVersion=25, maxDocumentSize=16777216, logicalSessionTimeoutMinutes=30, roundTripTimeNanos=32555625, minRoundTripTimeNanos=0, setName='atlas-mjks3u-shard-0', canonicalAddress=ac-dzpjbyv-shard-00-02.ahyvsmf.mongodb.net:27017, hosts=[ac-dzpjbyv-shard-00-00.ahyvsmf.mongodb.net:27017, ac-dzpjbyv-shard-00-02.ahyvsmf.mongodb.net:27017, ac-dzpjbyv-shard-00-01.ahyvsmf.mongodb.net:27017], passives=[], arbiters=[], primary='ac-dzpjbyv-shard-00-02.ahyvsmf.mongodb.net:27017', tagSet=TagSet{[Tag{name='availabilityZone', value='aps1-az2'}, Tag{name='diskState', value='READY'}, Tag{name='nodeType', value='ELECTABLE'}, Tag{name='provider', value='AWS'}, Tag{name='region', value='AP_SOUTH_1'}, Tag{name='workloadType', value='OPERATIONAL'}]}, electionId=7fffffff00000000000001f7, setVersion=198, topologyVersion=TopologyVersion{processId=687a76116621835b46d4f0c9, counter=6}, lastWriteDate=Wed Jul 23 00:12:31 IST 2025, lastUpdateTimeNanos=23311524034375}
2025-07-23 00:12:31 [cluster-ClusterId{value='687f5731dc1f04c8c5b726c2', description='Cluster0'}-ac-dzpjbyv-shard-00-02.ahyvsmf.mongodb.net:27017] INFO  org.mongodb.driver.cluster - Discovered replica set primary ac-dzpjbyv-shard-00-02.ahyvsmf.mongodb.net:27017 with max election id 7fffffff00000000000001f7 and max set version 198
2025-07-23 00:13:12 [cluster-ClusterId{value='687f5731dc1f04c8c5b726c2', description='Cluster0'}-ac-dzpjbyv-shard-00-01.ahyvsmf.mongodb.net:27017] INFO  org.mongodb.driver.cluster - Exception in monitor thread while connecting to server ac-dzpjbyv-shard-00-01.ahyvsmf.mongodb.net:27017
com.mongodb.MongoSocketReadTimeoutException: Timeout while receiving message
	at com.mongodb.internal.connection.InternalStreamConnection.createReadTimeoutException(InternalStreamConnection.java:819)
	at com.mongodb.internal.connection.InternalStreamConnection.translateReadException(InternalStreamConnection.java:807)
	at com.mongodb.internal.connection.InternalStreamConnection.receiveResponseBuffers(InternalStreamConnection.java:857)
	at com.mongodb.internal.connection.InternalStreamConnection.receiveCommandMessageResponse(InternalStreamConnection.java:517)
	at com.mongodb.internal.connection.InternalStreamConnection.receive(InternalStreamConnection.java:469)
	at com.mongodb.internal.connection.DefaultServerMonitor$ServerMonitor.lookupServerDescription(DefaultServerMonitor.java:249)
	at com.mongodb.internal.connection.DefaultServerMonitor$ServerMonitor.run(DefaultServerMonitor.java:176)
Caused by: java.net.SocketTimeoutException: Read timed out
	at java.base/sun.nio.ch.NioSocketImpl.timedRead(NioSocketImpl.java:278)
	at java.base/sun.nio.ch.NioSocketImpl.implRead(NioSocketImpl.java:304)
	at java.base/sun.nio.ch.NioSocketImpl.read(NioSocketImpl.java:346)
	at java.base/sun.nio.ch.NioSocketImpl$1.read(NioSocketImpl.java:796)
	at java.base/java.net.Socket$SocketInputStream.implRead(Socket.java:1116)
	at java.base/java.net.Socket$SocketInputStream.read(Socket.java:1103)
	at java.base/sun.security.ssl.SSLSocketInputRecord.read(SSLSocketInputRecord.java:489)
	at java.base/sun.security.ssl.SSLSocketInputRecord.readHeader(SSLSocketInputRecord.java:483)
	at java.base/sun.security.ssl.SSLSocketInputRecord.bytesInCompletePacket(SSLSocketInputRecord.java:70)
	at java.base/sun.security.ssl.SSLSocketImpl.readApplicationRecord(SSLSocketImpl.java:1462)
	at java.base/sun.security.ssl.SSLSocketImpl$AppInputStream.read(SSLSocketImpl.java:1068)
	at com.mongodb.internal.connection.SocketStream.read(SocketStream.java:182)
	at com.mongodb.internal.connection.InternalStreamConnection.receiveResponseBuffers(InternalStreamConnection.java:824)
	... 4 common frames omitted
2025-07-23 00:13:12 [cluster-ClusterId{value='687f5731dc1f04c8c5b726c2', description='Cluster0'}-ac-dzpjbyv-shard-00-01.ahyvsmf.mongodb.net:27017] INFO  org.mongodb.driver.cluster - Monitor thread successfully connected to server with description ServerDescription{address=ac-dzpjbyv-shard-00-01.ahyvsmf.mongodb.net:27017, type=REPLICA_SET_SECONDARY, cryptd=false, state=CONNECTED, ok=true, minWireVersion=0, maxWireVersion=25, maxDocumentSize=16777216, logicalSessionTimeoutMinutes=30, roundTripTimeNanos=39509458, minRoundTripTimeNanos=0, setName='atlas-mjks3u-shard-0', canonicalAddress=ac-dzpjbyv-shard-00-01.ahyvsmf.mongodb.net:27017, hosts=[ac-dzpjbyv-shard-00-00.ahyvsmf.mongodb.net:27017, ac-dzpjbyv-shard-00-02.ahyvsmf.mongodb.net:27017, ac-dzpjbyv-shard-00-01.ahyvsmf.mongodb.net:27017], passives=[], arbiters=[], primary='ac-dzpjbyv-shard-00-02.ahyvsmf.mongodb.net:27017', tagSet=TagSet{[Tag{name='availabilityZone', value='aps1-az3'}, Tag{name='diskState', value='READY'}, Tag{name='nodeType', value='ELECTABLE'}, Tag{name='provider', value='AWS'}, Tag{name='region', value='AP_SOUTH_1'}, Tag{name='workloadType', value='OPERATIONAL'}]}, electionId=null, setVersion=198, topologyVersion=TopologyVersion{processId=687a7d83c98dd7b3048e7ab5, counter=3}, lastWriteDate=Wed Jul 23 00:13:12 IST 2025, lastUpdateTimeNanos=23316352427333}
2025-07-23 00:13:28 [cluster-ClusterId{value='687f5731dc1f04c8c5b726c2', description='Cluster0'}-ac-dzpjbyv-shard-00-00.ahyvsmf.mongodb.net:27017] INFO  org.mongodb.driver.cluster - Exception in monitor thread while connecting to server ac-dzpjbyv-shard-00-00.ahyvsmf.mongodb.net:27017
com.mongodb.MongoSocketReadTimeoutException: Timeout while receiving message
	at com.mongodb.internal.connection.InternalStreamConnection.createReadTimeoutException(InternalStreamConnection.java:819)
	at com.mongodb.internal.connection.InternalStreamConnection.translateReadException(InternalStreamConnection.java:807)
	at com.mongodb.internal.connection.InternalStreamConnection.receiveResponseBuffers(InternalStreamConnection.java:857)
	at com.mongodb.internal.connection.InternalStreamConnection.receiveCommandMessageResponse(InternalStreamConnection.java:517)
	at com.mongodb.internal.connection.InternalStreamConnection.receive(InternalStreamConnection.java:469)
	at com.mongodb.internal.connection.DefaultServerMonitor$ServerMonitor.lookupServerDescription(DefaultServerMonitor.java:249)
	at com.mongodb.internal.connection.DefaultServerMonitor$ServerMonitor.run(DefaultServerMonitor.java:176)
Caused by: java.net.SocketTimeoutException: Read timed out
	at java.base/sun.nio.ch.NioSocketImpl.timedRead(NioSocketImpl.java:278)
	at java.base/sun.nio.ch.NioSocketImpl.implRead(NioSocketImpl.java:304)
	at java.base/sun.nio.ch.NioSocketImpl.read(NioSocketImpl.java:346)
	at java.base/sun.nio.ch.NioSocketImpl$1.read(NioSocketImpl.java:796)
	at java.base/java.net.Socket$SocketInputStream.implRead(Socket.java:1116)
	at java.base/java.net.Socket$SocketInputStream.read(Socket.java:1103)
	at java.base/sun.security.ssl.SSLSocketInputRecord.read(SSLSocketInputRecord.java:489)
	at java.base/sun.security.ssl.SSLSocketInputRecord.readHeader(SSLSocketInputRecord.java:483)
	at java.base/sun.security.ssl.SSLSocketInputRecord.bytesInCompletePacket(SSLSocketInputRecord.java:70)
	at java.base/sun.security.ssl.SSLSocketImpl.readApplicationRecord(SSLSocketImpl.java:1462)
	at java.base/sun.security.ssl.SSLSocketImpl$AppInputStream.read(SSLSocketImpl.java:1068)
	at com.mongodb.internal.connection.SocketStream.read(SocketStream.java:182)
	at com.mongodb.internal.connection.InternalStreamConnection.receiveResponseBuffers(InternalStreamConnection.java:824)
	... 4 common frames omitted
2025-07-23 00:13:28 [cluster-ClusterId{value='687f5731dc1f04c8c5b726c2', description='Cluster0'}-ac-dzpjbyv-shard-00-02.ahyvsmf.mongodb.net:27017] INFO  org.mongodb.driver.cluster - Exception in monitor thread while connecting to server ac-dzpjbyv-shard-00-02.ahyvsmf.mongodb.net:27017
com.mongodb.MongoSocketReadTimeoutException: Timeout while receiving message
	at com.mongodb.internal.connection.InternalStreamConnection.createReadTimeoutException(InternalStreamConnection.java:819)
	at com.mongodb.internal.connection.InternalStreamConnection.translateReadException(InternalStreamConnection.java:807)
	at com.mongodb.internal.connection.InternalStreamConnection.receiveResponseBuffers(InternalStreamConnection.java:857)
	at com.mongodb.internal.connection.InternalStreamConnection.receiveCommandMessageResponse(InternalStreamConnection.java:517)
	at com.mongodb.internal.connection.InternalStreamConnection.receive(InternalStreamConnection.java:469)
	at com.mongodb.internal.connection.DefaultServerMonitor$ServerMonitor.lookupServerDescription(DefaultServerMonitor.java:249)
	at com.mongodb.internal.connection.DefaultServerMonitor$ServerMonitor.run(DefaultServerMonitor.java:176)
Caused by: java.net.SocketTimeoutException: Read timed out
	at java.base/sun.nio.ch.NioSocketImpl.timedRead(NioSocketImpl.java:278)
	at java.base/sun.nio.ch.NioSocketImpl.implRead(NioSocketImpl.java:304)
	at java.base/sun.nio.ch.NioSocketImpl.read(NioSocketImpl.java:346)
	at java.base/sun.nio.ch.NioSocketImpl$1.read(NioSocketImpl.java:796)
	at java.base/java.net.Socket$SocketInputStream.implRead(Socket.java:1116)
	at java.base/java.net.Socket$SocketInputStream.read(Socket.java:1103)
	at java.base/sun.security.ssl.SSLSocketInputRecord.read(SSLSocketInputRecord.java:489)
	at java.base/sun.security.ssl.SSLSocketInputRecord.readHeader(SSLSocketInputRecord.java:483)
	at java.base/sun.security.ssl.SSLSocketInputRecord.bytesInCompletePacket(SSLSocketInputRecord.java:70)
	at java.base/sun.security.ssl.SSLSocketImpl.readApplicationRecord(SSLSocketImpl.java:1462)
	at java.base/sun.security.ssl.SSLSocketImpl$AppInputStream.read(SSLSocketImpl.java:1068)
	at com.mongodb.internal.connection.SocketStream.read(SocketStream.java:182)
	at com.mongodb.internal.connection.InternalStreamConnection.receiveResponseBuffers(InternalStreamConnection.java:824)
	... 4 common frames omitted
2025-07-23 00:13:28 [cluster-ClusterId{value='687f5731dc1f04c8c5b726c2', description='Cluster0'}-ac-dzpjbyv-shard-00-00.ahyvsmf.mongodb.net:27017] INFO  org.mongodb.driver.cluster - Monitor thread successfully connected to server with description ServerDescription{address=ac-dzpjbyv-shard-00-00.ahyvsmf.mongodb.net:27017, type=REPLICA_SET_SECONDARY, cryptd=false, state=CONNECTED, ok=true, minWireVersion=0, maxWireVersion=25, maxDocumentSize=16777216, logicalSessionTimeoutMinutes=30, roundTripTimeNanos=167083750, minRoundTripTimeNanos=0, setName='atlas-mjks3u-shard-0', canonicalAddress=ac-dzpjbyv-shard-00-00.ahyvsmf.mongodb.net:27017, hosts=[ac-dzpjbyv-shard-00-00.ahyvsmf.mongodb.net:27017, ac-dzpjbyv-shard-00-02.ahyvsmf.mongodb.net:27017, ac-dzpjbyv-shard-00-01.ahyvsmf.mongodb.net:27017], passives=[], arbiters=[], primary='ac-dzpjbyv-shard-00-02.ahyvsmf.mongodb.net:27017', tagSet=TagSet{[Tag{name='availabilityZone', value='aps1-az1'}, Tag{name='diskState', value='READY'}, Tag{name='nodeType', value='ELECTABLE'}, Tag{name='provider', value='AWS'}, Tag{name='region', value='AP_SOUTH_1'}, Tag{name='workloadType', value='OPERATIONAL'}]}, electionId=null, setVersion=198, topologyVersion=TopologyVersion{processId=687a725a51f7a1a85e8aa977, counter=5}, lastWriteDate=Wed Jul 23 00:13:28 IST 2025, lastUpdateTimeNanos=23331680028375}
2025-07-23 00:13:28 [cluster-ClusterId{value='687f5731dc1f04c8c5b726c2', description='Cluster0'}-ac-dzpjbyv-shard-00-02.ahyvsmf.mongodb.net:27017] INFO  org.mongodb.driver.cluster - Monitor thread successfully connected to server with description ServerDescription{address=ac-dzpjbyv-shard-00-02.ahyvsmf.mongodb.net:27017, type=REPLICA_SET_PRIMARY, cryptd=false, state=CONNECTED, ok=true, minWireVersion=0, maxWireVersion=25, maxDocumentSize=16777216, logicalSessionTimeoutMinutes=30, roundTripTimeNanos=164980334, minRoundTripTimeNanos=0, setName='atlas-mjks3u-shard-0', canonicalAddress=ac-dzpjbyv-shard-00-02.ahyvsmf.mongodb.net:27017, hosts=[ac-dzpjbyv-shard-00-00.ahyvsmf.mongodb.net:27017, ac-dzpjbyv-shard-00-02.ahyvsmf.mongodb.net:27017, ac-dzpjbyv-shard-00-01.ahyvsmf.mongodb.net:27017], passives=[], arbiters=[], primary='ac-dzpjbyv-shard-00-02.ahyvsmf.mongodb.net:27017', tagSet=TagSet{[Tag{name='availabilityZone', value='aps1-az2'}, Tag{name='diskState', value='READY'}, Tag{name='nodeType', value='ELECTABLE'}, Tag{name='provider', value='AWS'}, Tag{name='region', value='AP_SOUTH_1'}, Tag{name='workloadType', value='OPERATIONAL'}]}, electionId=7fffffff00000000000001f7, setVersion=198, topologyVersion=TopologyVersion{processId=687a76116621835b46d4f0c9, counter=6}, lastWriteDate=Wed Jul 23 00:13:28 IST 2025, lastUpdateTimeNanos=23331925539333}
2025-07-23 00:13:28 [cluster-ClusterId{value='687f5731dc1f04c8c5b726c2', description='Cluster0'}-ac-dzpjbyv-shard-00-02.ahyvsmf.mongodb.net:27017] INFO  org.mongodb.driver.cluster - Discovered replica set primary ac-dzpjbyv-shard-00-02.ahyvsmf.mongodb.net:27017 with max election id 7fffffff00000000000001f7 and max set version 198
2025-07-23 00:25:13 [cluster-ClusterId{value='687f5731dc1f04c8c5b726c2', description='Cluster0'}-ac-dzpjbyv-shard-00-01.ahyvsmf.mongodb.net:27017] INFO  org.mongodb.driver.cluster - Exception in monitor thread while connecting to server ac-dzpjbyv-shard-00-01.ahyvsmf.mongodb.net:27017
com.mongodb.MongoSocketReadTimeoutException: Timeout while receiving message
	at com.mongodb.internal.connection.InternalStreamConnection.createReadTimeoutException(InternalStreamConnection.java:819)
	at com.mongodb.internal.connection.InternalStreamConnection.translateReadException(InternalStreamConnection.java:807)
	at com.mongodb.internal.connection.InternalStreamConnection.receiveResponseBuffers(InternalStreamConnection.java:857)
	at com.mongodb.internal.connection.InternalStreamConnection.receiveCommandMessageResponse(InternalStreamConnection.java:517)
	at com.mongodb.internal.connection.InternalStreamConnection.receive(InternalStreamConnection.java:469)
	at com.mongodb.internal.connection.DefaultServerMonitor$ServerMonitor.lookupServerDescription(DefaultServerMonitor.java:249)
	at com.mongodb.internal.connection.DefaultServerMonitor$ServerMonitor.run(DefaultServerMonitor.java:176)
Caused by: java.net.SocketTimeoutException: Read timed out
	at java.base/sun.nio.ch.NioSocketImpl.timedRead(NioSocketImpl.java:278)
	at java.base/sun.nio.ch.NioSocketImpl.implRead(NioSocketImpl.java:304)
	at java.base/sun.nio.ch.NioSocketImpl.read(NioSocketImpl.java:346)
	at java.base/sun.nio.ch.NioSocketImpl$1.read(NioSocketImpl.java:796)
	at java.base/java.net.Socket$SocketInputStream.implRead(Socket.java:1116)
	at java.base/java.net.Socket$SocketInputStream.read(Socket.java:1103)
	at java.base/sun.security.ssl.SSLSocketInputRecord.read(SSLSocketInputRecord.java:489)
	at java.base/sun.security.ssl.SSLSocketInputRecord.readHeader(SSLSocketInputRecord.java:483)
	at java.base/sun.security.ssl.SSLSocketInputRecord.bytesInCompletePacket(SSLSocketInputRecord.java:70)
	at java.base/sun.security.ssl.SSLSocketImpl.readApplicationRecord(SSLSocketImpl.java:1462)
	at java.base/sun.security.ssl.SSLSocketImpl$AppInputStream.read(SSLSocketImpl.java:1068)
	at com.mongodb.internal.connection.SocketStream.read(SocketStream.java:182)
	at com.mongodb.internal.connection.InternalStreamConnection.receiveResponseBuffers(InternalStreamConnection.java:824)
	... 4 common frames omitted
2025-07-23 00:25:14 [cluster-ClusterId{value='687f5731dc1f04c8c5b726c2', description='Cluster0'}-ac-dzpjbyv-shard-00-01.ahyvsmf.mongodb.net:27017] INFO  org.mongodb.driver.cluster - Monitor thread successfully connected to server with description ServerDescription{address=ac-dzpjbyv-shard-00-01.ahyvsmf.mongodb.net:27017, type=REPLICA_SET_SECONDARY, cryptd=false, state=CONNECTED, ok=true, minWireVersion=0, maxWireVersion=25, maxDocumentSize=16777216, logicalSessionTimeoutMinutes=30, roundTripTimeNanos=170143792, minRoundTripTimeNanos=0, setName='atlas-mjks3u-shard-0', canonicalAddress=ac-dzpjbyv-shard-00-01.ahyvsmf.mongodb.net:27017, hosts=[ac-dzpjbyv-shard-00-00.ahyvsmf.mongodb.net:27017, ac-dzpjbyv-shard-00-02.ahyvsmf.mongodb.net:27017, ac-dzpjbyv-shard-00-01.ahyvsmf.mongodb.net:27017], passives=[], arbiters=[], primary='ac-dzpjbyv-shard-00-02.ahyvsmf.mongodb.net:27017', tagSet=TagSet{[Tag{name='availabilityZone', value='aps1-az3'}, Tag{name='diskState', value='READY'}, Tag{name='nodeType', value='ELECTABLE'}, Tag{name='provider', value='AWS'}, Tag{name='region', value='AP_SOUTH_1'}, Tag{name='workloadType', value='OPERATIONAL'}]}, electionId=null, setVersion=198, topologyVersion=TopologyVersion{processId=687a7d83c98dd7b3048e7ab5, counter=3}, lastWriteDate=Wed Jul 23 00:25:14 IST 2025, lastUpdateTimeNanos=23937341017625}
2025-07-23 00:25:19 [cluster-ClusterId{value='687f5731dc1f04c8c5b726c2', description='Cluster0'}-ac-dzpjbyv-shard-00-02.ahyvsmf.mongodb.net:27017] INFO  org.mongodb.driver.cluster - Exception in monitor thread while connecting to server ac-dzpjbyv-shard-00-02.ahyvsmf.mongodb.net:27017
com.mongodb.MongoSocketReadTimeoutException: Timeout while receiving message
	at com.mongodb.internal.connection.InternalStreamConnection.createReadTimeoutException(InternalStreamConnection.java:819)
	at com.mongodb.internal.connection.InternalStreamConnection.translateReadException(InternalStreamConnection.java:807)
	at com.mongodb.internal.connection.InternalStreamConnection.receiveResponseBuffers(InternalStreamConnection.java:857)
	at com.mongodb.internal.connection.InternalStreamConnection.receiveCommandMessageResponse(InternalStreamConnection.java:517)
	at com.mongodb.internal.connection.InternalStreamConnection.receive(InternalStreamConnection.java:469)
	at com.mongodb.internal.connection.DefaultServerMonitor$ServerMonitor.lookupServerDescription(DefaultServerMonitor.java:249)
	at com.mongodb.internal.connection.DefaultServerMonitor$ServerMonitor.run(DefaultServerMonitor.java:176)
Caused by: java.net.SocketTimeoutException: Read timed out
	at java.base/sun.nio.ch.NioSocketImpl.timedRead(NioSocketImpl.java:278)
	at java.base/sun.nio.ch.NioSocketImpl.implRead(NioSocketImpl.java:304)
	at java.base/sun.nio.ch.NioSocketImpl.read(NioSocketImpl.java:346)
	at java.base/sun.nio.ch.NioSocketImpl$1.read(NioSocketImpl.java:796)
	at java.base/java.net.Socket$SocketInputStream.implRead(Socket.java:1116)
	at java.base/java.net.Socket$SocketInputStream.read(Socket.java:1103)
	at java.base/sun.security.ssl.SSLSocketInputRecord.read(SSLSocketInputRecord.java:489)
	at java.base/sun.security.ssl.SSLSocketInputRecord.readHeader(SSLSocketInputRecord.java:483)
	at java.base/sun.security.ssl.SSLSocketInputRecord.bytesInCompletePacket(SSLSocketInputRecord.java:70)
	at java.base/sun.security.ssl.SSLSocketImpl.readApplicationRecord(SSLSocketImpl.java:1462)
	at java.base/sun.security.ssl.SSLSocketImpl$AppInputStream.read(SSLSocketImpl.java:1068)
	at com.mongodb.internal.connection.SocketStream.read(SocketStream.java:182)
	at com.mongodb.internal.connection.InternalStreamConnection.receiveResponseBuffers(InternalStreamConnection.java:824)
	... 4 common frames omitted
2025-07-23 00:25:19 [cluster-ClusterId{value='687f5731dc1f04c8c5b726c2', description='Cluster0'}-ac-dzpjbyv-shard-00-02.ahyvsmf.mongodb.net:27017] INFO  org.mongodb.driver.cluster - Monitor thread successfully connected to server with description ServerDescription{address=ac-dzpjbyv-shard-00-02.ahyvsmf.mongodb.net:27017, type=REPLICA_SET_PRIMARY, cryptd=false, state=CONNECTED, ok=true, minWireVersion=0, maxWireVersion=25, maxDocumentSize=16777216, logicalSessionTimeoutMinutes=30, roundTripTimeNanos=163607292, minRoundTripTimeNanos=0, setName='atlas-mjks3u-shard-0', canonicalAddress=ac-dzpjbyv-shard-00-02.ahyvsmf.mongodb.net:27017, hosts=[ac-dzpjbyv-shard-00-00.ahyvsmf.mongodb.net:27017, ac-dzpjbyv-shard-00-02.ahyvsmf.mongodb.net:27017, ac-dzpjbyv-shard-00-01.ahyvsmf.mongodb.net:27017], passives=[], arbiters=[], primary='ac-dzpjbyv-shard-00-02.ahyvsmf.mongodb.net:27017', tagSet=TagSet{[Tag{name='availabilityZone', value='aps1-az2'}, Tag{name='diskState', value='READY'}, Tag{name='nodeType', value='ELECTABLE'}, Tag{name='provider', value='AWS'}, Tag{name='region', value='AP_SOUTH_1'}, Tag{name='workloadType', value='OPERATIONAL'}]}, electionId=7fffffff00000000000001f7, setVersion=198, topologyVersion=TopologyVersion{processId=687a76116621835b46d4f0c9, counter=6}, lastWriteDate=Wed Jul 23 00:25:19 IST 2025, lastUpdateTimeNanos=23942917469666}
2025-07-23 00:25:19 [cluster-ClusterId{value='687f5731dc1f04c8c5b726c2', description='Cluster0'}-ac-dzpjbyv-shard-00-02.ahyvsmf.mongodb.net:27017] INFO  org.mongodb.driver.cluster - Discovered replica set primary ac-dzpjbyv-shard-00-02.ahyvsmf.mongodb.net:27017 with max election id 7fffffff00000000000001f7 and max set version 198
2025-07-23 01:54:48 [SpringApplicationShutdownHook] INFO  o.s.b.w.e.tomcat.GracefulShutdown - Commencing graceful shutdown. Waiting for active requests to complete
2025-07-23 01:54:48 [tomcat-shutdown] INFO  o.s.b.w.e.tomcat.GracefulShutdown - Graceful shutdown complete
